#
# There is insufficient memory for the Java Runtime Environment to continue.
# Native memory allocation (mmap) failed to map 575668224 bytes for G1 virtual space
# Possible reasons:
#   The system is out of physical RAM or swap space
#   The process is running with CompressedOops enabled, and the Java Heap may be blocking the growth of the native heap
# Possible solutions:
#   Reduce memory load on the system
#   Increase physical memory or swap space
#   Check if swap backing store is full
#   Decrease Java heap size (-Xmx/-Xms)
#   Decrease number of Java threads
#   Decrease Java thread stack sizes (-Xss)
#   Set larger code cache with -XX:ReservedCodeCacheSize=
#   JVM is running with Unscaled Compressed Oops mode in which the Java heap is
#     placed in the first 4GB address space. The Java Heap base address is the
#     maximum limit for the native heap growth. Please use -XX:HeapBaseMinAddress
#     to set the Java Heap base and to place the Java Heap above 4GB virtual address.
# This output file may be truncated or incomplete.
#
#  Out of Memory Error (os_windows.cpp:3550), pid=8404, tid=14560
#
# JRE version: Java(TM) SE Runtime Environment (17.0.6+9) (build 17.0.6+9-LTS-190)
# Java VM: Java HotSpot(TM) 64-Bit Server VM (17.0.6+9-LTS-190, mixed mode, sharing, tiered, compressed oops, compressed class ptrs, g1 gc, windows-amd64)
# No core dump will be written. Minidumps are not enabled by default on client versions of Windows
#

---------------  S U M M A R Y ------------

Command Line: -javaagent:C:\Program Files\JetBrains\IntelliJ IDEA Community Edition 2022.3.2\lib\idea_rt.jar=53517:C:\Program Files\JetBrains\IntelliJ IDEA Community Edition 2022.3.2\bin -Dfile.encoding=UTF-8 com.solr.solr.ProjetSolrApplication

Host: Intel(R) Core(TM) i5-6200U CPU @ 2.30GHz, 4 cores, 7G,  Windows 10 , 64 bit Build 19041 (10.0.19041.2913)
Time: Sun May 21 13:09:58 2023 Maroc (heure d64 bit Build 19041 (10.0.19041.2913) elapsed time: 19.589318 seconds (0d 0h 0m 19s)

---------------  T H R E A D  ---------------

Current thread (0x00000225ff834a90):  VMThread "VM Thread" [stack: 0x0000006380800000,0x0000006380900000] [id=14560]

Stack: [0x0000006380800000,0x0000006380900000]
Native frames: (J=compiled Java code, j=interpreted, Vv=VM code, C=native code)
V  [jvm.dll+0x6734ea]
V  [jvm.dll+0x7d18f4]
V  [jvm.dll+0x7d309e]
V  [jvm.dll+0x7d3703]
V  [jvm.dll+0x2433c5]
V  [jvm.dll+0x6703f9]
V  [jvm.dll+0x664d32]
V  [jvm.dll+0x300086]
V  [jvm.dll+0x307606]
V  [jvm.dll+0x356c1e]
V  [jvm.dll+0x356e4f]
V  [jvm.dll+0x2d72e8]
V  [jvm.dll+0x2d57e5]
V  [jvm.dll+0x2d4dec]
V  [jvm.dll+0x31837b]
V  [jvm.dll+0x7d7f0b]
V  [jvm.dll+0x7d8c44]
V  [jvm.dll+0x7d915d]
V  [jvm.dll+0x7d9534]
V  [jvm.dll+0x7d9600]
V  [jvm.dll+0x781a7a]
V  [jvm.dll+0x672375]
C  [ucrtbase.dll+0x21bb2]
C  [KERNEL32.DLL+0x17614]
C  [ntdll.dll+0x526a1]

VM_Operation (0x00000063821fc3d0): G1CollectForAllocation, mode: safepoint, requested by thread 0x000002259532a230


---------------  P R O C E S S  ---------------

Threads class SMR info:
_java_thread_list=0x0000022597e85780, length=31, elements={
0x00000225ff83be40, 0x00000225ff83f660, 0x00000225ff851730, 0x00000225ff8530f0,
0x00000225ff854240, 0x00000225ff854bf0, 0x00000225ff856070, 0x00000225ff85a7b0,
0x00000225ff85e0f0, 0x00000225ff8266c0, 0x0000022593ef82c0, 0x0000022593ef8c10,
0x0000022596f0f260, 0x0000022597b5f160, 0x000002259532a700, 0x0000022595329d60,
0x0000022595328a20, 0x000002259532abd0, 0x000002259532a230, 0x0000022595328ef0,
0x00000225953293c0, 0x0000022595329890, 0x000002259532b0a0, 0x000002259532b570,
0x0000022597cc2b40, 0x0000022597cbcfd0, 0x0000022597cbecb0, 0x0000022597cbfb20,
0x0000022597cc2670, 0x0000022597cc21a0, 0x0000022597cbd4a0
}

Java Threads: ( => current thread )
  0x00000225ff83be40 JavaThread "Reference Handler" daemon [_thread_blocked, id=9100, stack(0x0000006380900000,0x0000006380a00000)]
  0x00000225ff83f660 JavaThread "Finalizer" daemon [_thread_blocked, id=10028, stack(0x0000006380a00000,0x0000006380b00000)]
  0x00000225ff851730 JavaThread "Signal Dispatcher" daemon [_thread_blocked, id=1204, stack(0x0000006380b00000,0x0000006380c00000)]
  0x00000225ff8530f0 JavaThread "Attach Listener" daemon [_thread_blocked, id=7820, stack(0x0000006380c00000,0x0000006380d00000)]
  0x00000225ff854240 JavaThread "Service Thread" daemon [_thread_blocked, id=1200, stack(0x0000006380d00000,0x0000006380e00000)]
  0x00000225ff854bf0 JavaThread "Monitor Deflation Thread" daemon [_thread_blocked, id=14580, stack(0x0000006380e00000,0x0000006380f00000)]
  0x00000225ff856070 JavaThread "C2 CompilerThread0" daemon [_thread_blocked, id=15580, stack(0x0000006380f00000,0x0000006381000000)]
  0x00000225ff85a7b0 JavaThread "C1 CompilerThread0" daemon [_thread_blocked, id=4708, stack(0x0000006381000000,0x0000006381100000)]
  0x00000225ff85e0f0 JavaThread "Sweeper thread" daemon [_thread_blocked, id=9980, stack(0x0000006381100000,0x0000006381200000)]
  0x00000225ff8266c0 JavaThread "Common-Cleaner" daemon [_thread_blocked, id=3016, stack(0x0000006381200000,0x0000006381300000)]
  0x0000022593ef82c0 JavaThread "Monitor Ctrl-Break" daemon [_thread_in_native, id=9360, stack(0x0000006381300000,0x0000006381400000)]
  0x0000022593ef8c10 JavaThread "Notification Thread" daemon [_thread_blocked, id=15484, stack(0x0000006381400000,0x0000006381500000)]
  0x0000022596f0f260 JavaThread "Catalina-utility-1" [_thread_blocked, id=15424, stack(0x0000006381c00000,0x0000006381d00000)]
  0x0000022597b5f160 JavaThread "Catalina-utility-2" [_thread_blocked, id=4260, stack(0x0000006381d00000,0x0000006381e00000)]
  0x000002259532a700 JavaThread "container-0" [_thread_blocked, id=15648, stack(0x0000006381e00000,0x0000006381f00000)]
  0x0000022595329d60 JavaThread "Connection evictor" daemon [_thread_blocked, id=7972, stack(0x0000006381f00000,0x0000006382000000)]
  0x0000022595328a20 JavaThread "File Watcher" daemon [_thread_blocked, id=10320, stack(0x0000006382000000,0x0000006382100000)]
  0x000002259532abd0 JavaThread "Live Reload Server" daemon [_thread_in_native, id=4904, stack(0x0000006382200000,0x0000006382300000)]
  0x000002259532a230 JavaThread "http-nio-9090-exec-1" daemon [_thread_blocked, id=8696, stack(0x0000006382100000,0x0000006382200000)]
  0x0000022595328ef0 JavaThread "http-nio-9090-exec-2" daemon [_thread_blocked, id=14008, stack(0x0000006382300000,0x0000006382400000)]
  0x00000225953293c0 JavaThread "http-nio-9090-exec-3" daemon [_thread_blocked, id=9528, stack(0x0000006382400000,0x0000006382500000)]
  0x0000022595329890 JavaThread "http-nio-9090-exec-4" daemon [_thread_blocked, id=3000, stack(0x0000006382500000,0x0000006382600000)]
  0x000002259532b0a0 JavaThread "http-nio-9090-exec-5" daemon [_thread_blocked, id=12792, stack(0x0000006382600000,0x0000006382700000)]
  0x000002259532b570 JavaThread "http-nio-9090-exec-6" daemon [_thread_blocked, id=16144, stack(0x0000006382700000,0x0000006382800000)]
  0x0000022597cc2b40 JavaThread "http-nio-9090-exec-7" daemon [_thread_blocked, id=7256, stack(0x0000006382800000,0x0000006382900000)]
  0x0000022597cbcfd0 JavaThread "http-nio-9090-exec-8" daemon [_thread_blocked, id=13276, stack(0x0000006382900000,0x0000006382a00000)]
  0x0000022597cbecb0 JavaThread "http-nio-9090-exec-9" daemon [_thread_blocked, id=1008, stack(0x0000006382a00000,0x0000006382b00000)]
  0x0000022597cbfb20 JavaThread "http-nio-9090-exec-10" daemon [_thread_blocked, id=8776, stack(0x0000006382b00000,0x0000006382c00000)]
  0x0000022597cc2670 JavaThread "http-nio-9090-Poller" daemon [_thread_in_native, id=13220, stack(0x0000006382c00000,0x0000006382d00000)]
  0x0000022597cc21a0 JavaThread "http-nio-9090-Acceptor" daemon [_thread_in_native, id=8336, stack(0x0000006382d00000,0x0000006382e00000)]
  0x0000022597cbd4a0 JavaThread "DestroyJavaVM" [_thread_blocked, id=2824, stack(0x0000006380200000,0x0000006380300000)]

Other Threads:
=>0x00000225ff834a90 VMThread "VM Thread" [stack: 0x0000006380800000,0x0000006380900000] [id=14560]
  0x00000225f513ded0 WatcherThread [stack: 0x0000006381500000,0x0000006381600000] [id=4672]
  0x00000225f5124890 GCTaskThread "GC Thread#0" [stack: 0x0000006380300000,0x0000006380400000] [id=7980]
  0x0000022594622710 GCTaskThread "GC Thread#1" [stack: 0x0000006381700000,0x0000006381800000] [id=5676]
  0x00000225943fec40 GCTaskThread "GC Thread#2" [stack: 0x0000006381800000,0x0000006381900000] [id=13988]
  0x0000022594633b10 GCTaskThread "GC Thread#3" [stack: 0x0000006381900000,0x0000006381a00000] [id=14624]
  0x00000225f5134dd0 ConcurrentGCThread "G1 Main Marker" [stack: 0x0000006380400000,0x0000006380500000] [id=10016]
  0x00000225f5135f80 ConcurrentGCThread "G1 Conc#0" [stack: 0x0000006380500000,0x0000006380600000] [id=10772]
  0x00000225ff6e0490 ConcurrentGCThread "G1 Refine#0" [stack: 0x0000006380600000,0x0000006380700000] [id=11424]
  0x0000022597cc51c0 ConcurrentGCThread "G1 Refine#1" [stack: 0x0000006381a00000,0x0000006381b00000] [id=12800]
  0x0000022597cc6300 ConcurrentGCThread "G1 Refine#2" [stack: 0x0000006381600000,0x0000006381700000] [id=15348]
  0x0000022597cc6020 ConcurrentGCThread "G1 Refine#3" [stack: 0x0000006381b00000,0x0000006381c00000] [id=12068]
  0x00000225ff6e0eb0 ConcurrentGCThread "G1 Service" [stack: 0x0000006380700000,0x0000006380800000] [id=5628]

Threads with active compile tasks:

VM state: at safepoint (normal execution)

VM Mutex/Monitor currently owned by a thread:  ([mutex/lock_event])
[0x00000225f50c7880] Threads_lock - owner thread: 0x00000225ff834a90
[0x00000225f50c7a30] Heap_lock - owner thread: 0x000002259532a230

Heap address: 0x0000000085000000, size: 1968 MB, Compressed Oops mode: 32-bit

CDS archive(s) mapped at: [0x0000000800000000-0x0000000800bd0000-0x0000000800bd0000), size 12386304, SharedBaseAddress: 0x0000000800000000, ArchiveRelocationMode: 0.
Compressed class space mapped at: 0x0000000800c00000-0x0000000840c00000, reserved size: 1073741824
Narrow klass base: 0x0000000800000000, Narrow klass shift: 0, Narrow klass range: 0x100000000

GC Precious Log:
 CPUs: 4 total, 4 available
 Memory: 7867M
 Large Page Support: Disabled
 NUMA Support: Disabled
 Compressed Oops: Enabled (32-bit)
 Heap Region Size: 1M
 Heap Min Capacity: 8M
 Heap Initial Capacity: 124M
 Heap Max Capacity: 1968M
 Pre-touch: Disabled
 Parallel Workers: 4
 Concurrent Workers: 1
 Concurrent Refinement Workers: 4
 Periodic GC: Disabled

Heap:
 garbage-first heap   total 333824K, used 116606K [0x0000000085000000, 0x0000000100000000)
  region size 1024K, 16 young (16384K), 16 survivors (16384K)
 Metaspace       used 33368K, committed 33792K, reserved 1081344K
  class space    used 4129K, committed 4352K, reserved 1048576K

Heap Regions: E=young(eden), S=young(survivor), O=old, HS=humongous(starts), HC=humongous(continues), CS=collection set, F=free, OA=open archive, CA=closed archive, TAMS=top-at-mark-start (previous, next)
|   0|0x0000000085000000, 0x0000000085100000, 0x0000000085100000|100%| O|  |TAMS 0x0000000085100000, 0x0000000085000000| Untracked 
|   1|0x0000000085100000, 0x0000000085200000, 0x0000000085200000|100%| O|  |TAMS 0x0000000085200000, 0x0000000085100000| Untracked 
|   2|0x0000000085200000, 0x0000000085300000, 0x0000000085300000|100%| O|  |TAMS 0x0000000085300000, 0x0000000085200000| Untracked 
|   3|0x0000000085300000, 0x0000000085400000, 0x0000000085400000|100%| O|  |TAMS 0x0000000085400000, 0x0000000085300000| Untracked 
|   4|0x0000000085400000, 0x0000000085500000, 0x0000000085500000|100%| O|  |TAMS 0x0000000085500000, 0x0000000085400000| Untracked 
|   5|0x0000000085500000, 0x0000000085600000, 0x0000000085600000|100%| O|  |TAMS 0x0000000085600000, 0x0000000085500000| Untracked 
|   6|0x0000000085600000, 0x0000000085700000, 0x0000000085700000|100%| O|  |TAMS 0x0000000085700000, 0x0000000085600000| Untracked 
|   7|0x0000000085700000, 0x0000000085800000, 0x0000000085800000|100%| O|  |TAMS 0x0000000085800000, 0x0000000085700000| Untracked 
|   8|0x0000000085800000, 0x0000000085900000, 0x0000000085900000|100%| O|  |TAMS 0x0000000085900000, 0x0000000085800000| Untracked 
|   9|0x0000000085900000, 0x0000000085a00000, 0x0000000085a00000|100%| O|  |TAMS 0x0000000085a00000, 0x0000000085900000| Untracked 
|  10|0x0000000085a00000, 0x0000000085b00000, 0x0000000085b00000|100%|HS|  |TAMS 0x0000000085a00000, 0x0000000085a00000| Complete 
|  11|0x0000000085b00000, 0x0000000085c00000, 0x0000000085c00000|100%| O|  |TAMS 0x0000000085c00000, 0x0000000085b00000| Untracked 
|  12|0x0000000085c00000, 0x0000000085d00000, 0x0000000085d00000|100%| O|  |TAMS 0x0000000085d00000, 0x0000000085c00000| Untracked 
|  13|0x0000000085d00000, 0x0000000085e00000, 0x0000000085e00000|100%| O|  |TAMS 0x0000000085e00000, 0x0000000085d00000| Untracked 
|  14|0x0000000085e00000, 0x0000000085f00000, 0x0000000085f00000|100%| O|  |TAMS 0x0000000085f00000, 0x0000000085e00000| Untracked 
|  15|0x0000000085f00000, 0x0000000086000000, 0x0000000086000000|100%| O|  |TAMS 0x0000000086000000, 0x0000000085f00000| Untracked 
|  16|0x0000000086000000, 0x0000000086100000, 0x0000000086100000|100%| O|  |TAMS 0x0000000086100000, 0x0000000086000000| Untracked 
|  17|0x0000000086100000, 0x0000000086200000, 0x0000000086200000|100%| O|  |TAMS 0x0000000086200000, 0x0000000086100000| Untracked 
|  18|0x0000000086200000, 0x0000000086300000, 0x0000000086300000|100%| O|  |TAMS 0x0000000086300000, 0x0000000086200000| Untracked 
|  19|0x0000000086300000, 0x0000000086400000, 0x0000000086400000|100%| O|  |TAMS 0x0000000086400000, 0x0000000086300000| Untracked 
|  20|0x0000000086400000, 0x0000000086500000, 0x0000000086500000|100%|HS|  |TAMS 0x0000000086500000, 0x0000000086400000| Complete 
|  21|0x0000000086500000, 0x0000000086600000, 0x0000000086600000|100%| O|  |TAMS 0x0000000086600000, 0x0000000086500000| Untracked 
|  22|0x0000000086600000, 0x0000000086700000, 0x0000000086700000|100%| O|  |TAMS 0x0000000086700000, 0x0000000086600000| Untracked 
|  23|0x0000000086700000, 0x0000000086800000, 0x0000000086800000|100%| O|  |TAMS 0x0000000086800000, 0x0000000086700000| Untracked 
|  24|0x0000000086800000, 0x0000000086900000, 0x0000000086900000|100%| O|  |TAMS 0x0000000086900000, 0x0000000086800000| Untracked 
|  25|0x0000000086900000, 0x0000000086a00000, 0x0000000086a00000|100%| O|  |TAMS 0x0000000086a00000, 0x0000000086900000| Untracked 
|  26|0x0000000086a00000, 0x0000000086b00000, 0x0000000086b00000|100%| O|  |TAMS 0x0000000086b00000, 0x0000000086a00000| Untracked 
|  27|0x0000000086b00000, 0x0000000086c00000, 0x0000000086c00000|100%| O|  |TAMS 0x0000000086c00000, 0x0000000086b00000| Untracked 
|  28|0x0000000086c00000, 0x0000000086d00000, 0x0000000086d00000|100%| O|  |TAMS 0x0000000086d00000, 0x0000000086c00000| Untracked 
|  29|0x0000000086d00000, 0x0000000086e00000, 0x0000000086e00000|100%| O|  |TAMS 0x0000000086e00000, 0x0000000086d00000| Untracked 
|  30|0x0000000086e00000, 0x0000000086f00000, 0x0000000086f00000|100%| O|  |TAMS 0x0000000086f00000, 0x0000000086e00000| Untracked 
|  31|0x0000000086f00000, 0x0000000087000000, 0x0000000087000000|100%| O|  |TAMS 0x0000000087000000, 0x0000000086f00000| Untracked 
|  32|0x0000000087000000, 0x0000000087100000, 0x0000000087100000|100%| O|  |TAMS 0x0000000087100000, 0x0000000087000000| Untracked 
|  33|0x0000000087100000, 0x0000000087200000, 0x0000000087200000|100%| O|  |TAMS 0x0000000087200000, 0x0000000087100000| Untracked 
|  34|0x0000000087200000, 0x0000000087300000, 0x0000000087300000|100%| O|  |TAMS 0x0000000087300000, 0x0000000087200000| Untracked 
|  35|0x0000000087300000, 0x0000000087400000, 0x0000000087400000|100%| O|  |TAMS 0x0000000087400000, 0x0000000087300000| Untracked 
|  36|0x0000000087400000, 0x0000000087500000, 0x0000000087500000|100%| O|  |TAMS 0x0000000087500000, 0x0000000087400000| Untracked 
|  37|0x0000000087500000, 0x0000000087600000, 0x0000000087600000|100%| O|  |TAMS 0x0000000087600000, 0x0000000087500000| Untracked 
|  38|0x0000000087600000, 0x0000000087700000, 0x0000000087700000|100%| O|  |TAMS 0x0000000087700000, 0x0000000087600000| Untracked 
|  39|0x0000000087700000, 0x0000000087800000, 0x0000000087800000|100%| O|  |TAMS 0x0000000087800000, 0x0000000087700000| Untracked 
|  40|0x0000000087800000, 0x0000000087900000, 0x0000000087900000|100%| O|  |TAMS 0x0000000087900000, 0x0000000087800000| Untracked 
|  41|0x0000000087900000, 0x0000000087a00000, 0x0000000087a00000|100%| O|  |TAMS 0x0000000087a00000, 0x0000000087900000| Untracked 
|  42|0x0000000087a00000, 0x0000000087b00000, 0x0000000087b00000|100%| O|  |TAMS 0x0000000087b00000, 0x0000000087a00000| Untracked 
|  43|0x0000000087b00000, 0x0000000087c00000, 0x0000000087c00000|100%| O|  |TAMS 0x0000000087c00000, 0x0000000087b00000| Untracked 
|  44|0x0000000087c00000, 0x0000000087d00000, 0x0000000087d00000|100%| O|  |TAMS 0x0000000087d00000, 0x0000000087c00000| Untracked 
|  45|0x0000000087d00000, 0x0000000087e00000, 0x0000000087e00000|100%| O|  |TAMS 0x0000000087e00000, 0x0000000087d00000| Untracked 
|  46|0x0000000087e00000, 0x0000000087f00000, 0x0000000087f00000|100%| O|  |TAMS 0x0000000087f00000, 0x0000000087e00000| Untracked 
|  47|0x0000000087f00000, 0x0000000088000000, 0x0000000088000000|100%| O|  |TAMS 0x0000000088000000, 0x0000000087f00000| Untracked 
|  48|0x0000000088000000, 0x0000000088100000, 0x0000000088100000|100%| O|  |TAMS 0x0000000088100000, 0x0000000088000000| Untracked 
|  49|0x0000000088100000, 0x0000000088200000, 0x0000000088200000|100%| O|  |TAMS 0x0000000088100000, 0x0000000088100000| Untracked 
|  50|0x0000000088200000, 0x0000000088300000, 0x0000000088300000|100%|HS|  |TAMS 0x0000000088300000, 0x0000000088200000| Complete 
|  51|0x0000000088300000, 0x0000000088400000, 0x0000000088400000|100%|HC|  |TAMS 0x0000000088400000, 0x0000000088300000| Complete 
|  52|0x0000000088400000, 0x0000000088500000, 0x0000000088500000|100%|HC|  |TAMS 0x0000000088500000, 0x0000000088400000| Complete 
|  53|0x0000000088500000, 0x0000000088600000, 0x0000000088600000|100%| O|  |TAMS 0x0000000088600000, 0x0000000088500000| Untracked 
|  54|0x0000000088600000, 0x0000000088700000, 0x0000000088700000|100%| O|  |TAMS 0x0000000088700000, 0x0000000088600000| Untracked 
|  55|0x0000000088700000, 0x0000000088800000, 0x0000000088800000|100%| O|  |TAMS 0x0000000088800000, 0x0000000088700000| Untracked 
|  56|0x0000000088800000, 0x0000000088900000, 0x0000000088900000|100%| O|  |TAMS 0x0000000088900000, 0x0000000088800000| Untracked 
|  57|0x0000000088900000, 0x0000000088a00000, 0x0000000088a00000|100%|HS|  |TAMS 0x0000000088900000, 0x0000000088900000| Complete 
|  58|0x0000000088a00000, 0x0000000088b00000, 0x0000000088b00000|100%| O|  |TAMS 0x0000000088a00000, 0x0000000088a00000| Untracked 
|  59|0x0000000088b00000, 0x0000000088c00000, 0x0000000088c00000|100%| O|  |TAMS 0x0000000088c00000, 0x0000000088b00000| Untracked 
|  60|0x0000000088c00000, 0x0000000088d00000, 0x0000000088d00000|100%| O|  |TAMS 0x0000000088d00000, 0x0000000088c00000| Untracked 
|  61|0x0000000088d00000, 0x0000000088e00000, 0x0000000088e00000|100%| O|  |TAMS 0x0000000088e00000, 0x0000000088d00000| Untracked 
|  62|0x0000000088e00000, 0x0000000088f00000, 0x0000000088f00000|100%| O|  |TAMS 0x0000000088f00000, 0x0000000088e00000| Untracked 
|  63|0x0000000088f00000, 0x0000000089000000, 0x0000000089000000|100%| O|  |TAMS 0x0000000089000000, 0x0000000088f00000| Untracked 
|  64|0x0000000089000000, 0x0000000089100000, 0x0000000089100000|100%| O|  |TAMS 0x0000000089100000, 0x0000000089000000| Untracked 
|  65|0x0000000089100000, 0x0000000089200000, 0x0000000089200000|100%| O|  |TAMS 0x0000000089200000, 0x0000000089100000| Untracked 
|  66|0x0000000089200000, 0x0000000089300000, 0x0000000089300000|100%| O|  |TAMS 0x0000000089300000, 0x0000000089200000| Untracked 
|  67|0x0000000089300000, 0x0000000089400000, 0x0000000089400000|100%| O|  |TAMS 0x0000000089300000, 0x0000000089300000| Untracked 
|  68|0x0000000089400000, 0x0000000089500000, 0x0000000089500000|100%| O|  |TAMS 0x0000000089400000, 0x0000000089400000| Untracked 
|  69|0x0000000089500000, 0x0000000089600000, 0x0000000089600000|100%| O|  |TAMS 0x0000000089500000, 0x0000000089500000| Untracked 
|  70|0x0000000089600000, 0x0000000089700000, 0x0000000089700000|100%| O|  |TAMS 0x0000000089600000, 0x0000000089600000| Untracked 
|  71|0x0000000089700000, 0x0000000089800000, 0x0000000089800000|100%| O|  |TAMS 0x0000000089800000, 0x0000000089700000| Untracked 
|  72|0x0000000089800000, 0x0000000089900000, 0x0000000089900000|100%| O|  |TAMS 0x0000000089900000, 0x0000000089800000| Untracked 
|  73|0x0000000089900000, 0x0000000089a00000, 0x0000000089a00000|100%| O|  |TAMS 0x0000000089a00000, 0x0000000089900000| Untracked 
|  74|0x0000000089a00000, 0x0000000089b00000, 0x0000000089b00000|100%| O|  |TAMS 0x0000000089b00000, 0x0000000089a00000| Untracked 
|  75|0x0000000089b00000, 0x0000000089c00000, 0x0000000089c00000|100%| O|  |TAMS 0x0000000089c00000, 0x0000000089b00000| Untracked 
|  76|0x0000000089c00000, 0x0000000089d00000, 0x0000000089d00000|100%| O|  |TAMS 0x0000000089c35000, 0x0000000089c00000| Untracked 
|  77|0x0000000089d00000, 0x0000000089e00000, 0x0000000089e00000|100%| O|  |TAMS 0x0000000089d00000, 0x0000000089d00000| Untracked 
|  78|0x0000000089e00000, 0x0000000089f00000, 0x0000000089f00000|100%| O|  |TAMS 0x0000000089e00000, 0x0000000089e00000| Untracked 
|  79|0x0000000089f00000, 0x000000008a000000, 0x000000008a000000|100%| O|  |TAMS 0x0000000089f00000, 0x0000000089f00000| Untracked 
|  80|0x000000008a000000, 0x000000008a100000, 0x000000008a100000|100%| O|  |TAMS 0x000000008a000000, 0x000000008a000000| Untracked 
|  81|0x000000008a100000, 0x000000008a200000, 0x000000008a200000|100%| O|  |TAMS 0x000000008a100000, 0x000000008a100000| Untracked 
|  82|0x000000008a200000, 0x000000008a300000, 0x000000008a300000|100%| O|  |TAMS 0x000000008a200000, 0x000000008a200000| Untracked 
|  83|0x000000008a300000, 0x000000008a400000, 0x000000008a400000|100%| O|  |TAMS 0x000000008a300000, 0x000000008a300000| Untracked 
|  84|0x000000008a400000, 0x000000008a500000, 0x000000008a500000|100%| O|  |TAMS 0x000000008a400000, 0x000000008a400000| Untracked 
|  85|0x000000008a500000, 0x000000008a600000, 0x000000008a600000|100%| O|  |TAMS 0x000000008a500000, 0x000000008a500000| Untracked 
|  86|0x000000008a600000, 0x000000008a700000, 0x000000008a700000|100%| O|  |TAMS 0x000000008a600000, 0x000000008a600000| Untracked 
|  87|0x000000008a700000, 0x000000008a800000, 0x000000008a800000|100%| O|  |TAMS 0x000000008a700000, 0x000000008a700000| Untracked 
|  88|0x000000008a800000, 0x000000008a900000, 0x000000008a900000|100%|HS|  |TAMS 0x000000008a800000, 0x000000008a800000| Complete 
|  89|0x000000008a900000, 0x000000008aa00000, 0x000000008aa00000|100%|HC|  |TAMS 0x000000008a900000, 0x000000008a900000| Complete 
|  90|0x000000008aa00000, 0x000000008ab00000, 0x000000008ab00000|100%|HS|  |TAMS 0x000000008aa00000, 0x000000008aa00000| Complete 
|  91|0x000000008ab00000, 0x000000008ac00000, 0x000000008ac00000|100%|HC|  |TAMS 0x000000008ab00000, 0x000000008ab00000| Complete 
|  92|0x000000008ac00000, 0x000000008ad00000, 0x000000008ad00000|100%| O|  |TAMS 0x000000008ac00000, 0x000000008ac00000| Untracked 
|  93|0x000000008ad00000, 0x000000008ae00000, 0x000000008ae00000|100%| O|  |TAMS 0x000000008ad00000, 0x000000008ad00000| Untracked 
|  94|0x000000008ae00000, 0x000000008af00000, 0x000000008af00000|100%| O|  |TAMS 0x000000008ae00000, 0x000000008ae00000| Untracked 
|  95|0x000000008af00000, 0x000000008b000000, 0x000000008b000000|100%| O|  |TAMS 0x000000008af00000, 0x000000008af00000| Untracked 
|  96|0x000000008b000000, 0x000000008b100000, 0x000000008b100000|100%| O|  |TAMS 0x000000008b000000, 0x000000008b000000| Untracked 
|  97|0x000000008b100000, 0x000000008b200000, 0x000000008b200000|100%| O|  |TAMS 0x000000008b100000, 0x000000008b100000| Untracked 
|  98|0x000000008b200000, 0x000000008b25fa00, 0x000000008b300000| 37%| O|  |TAMS 0x000000008b200000, 0x000000008b200000| Untracked 
|  99|0x000000008b300000, 0x000000008b300000, 0x000000008b400000|  0%| F|  |TAMS 0x000000008b300000, 0x000000008b300000| Untracked 
| 100|0x000000008b400000, 0x000000008b400000, 0x000000008b500000|  0%| F|  |TAMS 0x000000008b400000, 0x000000008b400000| Untracked 
| 101|0x000000008b500000, 0x000000008b500000, 0x000000008b600000|  0%| F|  |TAMS 0x000000008b500000, 0x000000008b500000| Untracked 
| 102|0x000000008b600000, 0x000000008b600000, 0x000000008b700000|  0%| F|  |TAMS 0x000000008b600000, 0x000000008b600000| Untracked 
| 103|0x000000008b700000, 0x000000008b700000, 0x000000008b800000|  0%| F|  |TAMS 0x000000008b700000, 0x000000008b700000| Untracked 
| 104|0x000000008b800000, 0x000000008b800000, 0x000000008b900000|  0%| F|  |TAMS 0x000000008b800000, 0x000000008b800000| Untracked 
| 105|0x000000008b900000, 0x000000008b900000, 0x000000008ba00000|  0%| F|  |TAMS 0x000000008b900000, 0x000000008b900000| Untracked 
| 106|0x000000008ba00000, 0x000000008ba00000, 0x000000008bb00000|  0%| F|  |TAMS 0x000000008ba00000, 0x000000008ba00000| Untracked 
| 107|0x000000008bb00000, 0x000000008bb00000, 0x000000008bc00000|  0%| F|  |TAMS 0x000000008bb00000, 0x000000008bb00000| Untracked 
| 108|0x000000008bc00000, 0x000000008bc00000, 0x000000008bd00000|  0%| F|  |TAMS 0x000000008bc00000, 0x000000008bc00000| Untracked 
| 109|0x000000008bd00000, 0x000000008bd00000, 0x000000008be00000|  0%| F|  |TAMS 0x000000008bd00000, 0x000000008bd00000| Untracked 
| 110|0x000000008be00000, 0x000000008be00000, 0x000000008bf00000|  0%| F|  |TAMS 0x000000008be00000, 0x000000008be00000| Untracked 
| 111|0x000000008bf00000, 0x000000008bf00000, 0x000000008c000000|  0%| F|  |TAMS 0x000000008bf00000, 0x000000008bf00000| Untracked 
| 112|0x000000008c000000, 0x000000008c000000, 0x000000008c100000|  0%| F|  |TAMS 0x000000008c000000, 0x000000008c000000| Untracked 
| 113|0x000000008c100000, 0x000000008c100000, 0x000000008c200000|  0%| F|  |TAMS 0x000000008c100000, 0x000000008c100000| Untracked 
| 114|0x000000008c200000, 0x000000008c200000, 0x000000008c300000|  0%| F|  |TAMS 0x000000008c200000, 0x000000008c200000| Untracked 
| 115|0x000000008c300000, 0x000000008c300000, 0x000000008c400000|  0%| F|  |TAMS 0x000000008c300000, 0x000000008c300000| Untracked 
| 116|0x000000008c400000, 0x000000008c400000, 0x000000008c500000|  0%| F|  |TAMS 0x000000008c400000, 0x000000008c400000| Untracked 
| 117|0x000000008c500000, 0x000000008c500000, 0x000000008c600000|  0%| F|  |TAMS 0x000000008c500000, 0x000000008c500000| Untracked 
| 118|0x000000008c600000, 0x000000008c600000, 0x000000008c700000|  0%| F|  |TAMS 0x000000008c600000, 0x000000008c600000| Untracked 
| 119|0x000000008c700000, 0x000000008c700000, 0x000000008c800000|  0%| F|  |TAMS 0x000000008c700000, 0x000000008c700000| Untracked 
| 120|0x000000008c800000, 0x000000008c800000, 0x000000008c900000|  0%| F|  |TAMS 0x000000008c800000, 0x000000008c800000| Untracked 
| 121|0x000000008c900000, 0x000000008c900000, 0x000000008ca00000|  0%| F|  |TAMS 0x000000008c900000, 0x000000008c900000| Untracked 
| 122|0x000000008ca00000, 0x000000008ca00000, 0x000000008cb00000|  0%| F|  |TAMS 0x000000008ca00000, 0x000000008ca00000| Untracked 
| 123|0x000000008cb00000, 0x000000008cb00000, 0x000000008cc00000|  0%| F|  |TAMS 0x000000008cb00000, 0x000000008cb00000| Untracked 
| 124|0x000000008cc00000, 0x000000008cc00000, 0x000000008cd00000|  0%| F|  |TAMS 0x000000008cc00000, 0x000000008cc00000| Untracked 
| 125|0x000000008cd00000, 0x000000008cd00000, 0x000000008ce00000|  0%| F|  |TAMS 0x000000008cd00000, 0x000000008cd00000| Untracked 
| 126|0x000000008ce00000, 0x000000008ce00000, 0x000000008cf00000|  0%| F|  |TAMS 0x000000008ce00000, 0x000000008ce00000| Untracked 
| 127|0x000000008cf00000, 0x000000008cf00000, 0x000000008d000000|  0%| F|  |TAMS 0x000000008cf00000, 0x000000008cf00000| Untracked 
| 128|0x000000008d000000, 0x000000008d000000, 0x000000008d100000|  0%| F|  |TAMS 0x000000008d000000, 0x000000008d000000| Untracked 
| 129|0x000000008d100000, 0x000000008d100000, 0x000000008d200000|  0%| F|  |TAMS 0x000000008d100000, 0x000000008d100000| Untracked 
| 130|0x000000008d200000, 0x000000008d200000, 0x000000008d300000|  0%| F|  |TAMS 0x000000008d200000, 0x000000008d200000| Untracked 
| 131|0x000000008d300000, 0x000000008d300000, 0x000000008d400000|  0%| F|  |TAMS 0x000000008d300000, 0x000000008d300000| Untracked 
| 132|0x000000008d400000, 0x000000008d400000, 0x000000008d500000|  0%| F|  |TAMS 0x000000008d400000, 0x000000008d400000| Untracked 
| 133|0x000000008d500000, 0x000000008d500000, 0x000000008d600000|  0%| F|  |TAMS 0x000000008d500000, 0x000000008d500000| Untracked 
| 134|0x000000008d600000, 0x000000008d600000, 0x000000008d700000|  0%| F|  |TAMS 0x000000008d600000, 0x000000008d600000| Untracked 
| 135|0x000000008d700000, 0x000000008d700000, 0x000000008d800000|  0%| F|  |TAMS 0x000000008d700000, 0x000000008d700000| Untracked 
| 136|0x000000008d800000, 0x000000008d800000, 0x000000008d900000|  0%| F|  |TAMS 0x000000008d800000, 0x000000008d800000| Untracked 
| 137|0x000000008d900000, 0x000000008d900000, 0x000000008da00000|  0%| F|  |TAMS 0x000000008d900000, 0x000000008d900000| Untracked 
| 138|0x000000008da00000, 0x000000008da00000, 0x000000008db00000|  0%| F|  |TAMS 0x000000008da00000, 0x000000008da00000| Untracked 
| 139|0x000000008db00000, 0x000000008db00000, 0x000000008dc00000|  0%| F|  |TAMS 0x000000008db00000, 0x000000008db00000| Untracked 
| 140|0x000000008dc00000, 0x000000008dc00000, 0x000000008dd00000|  0%| F|  |TAMS 0x000000008dc00000, 0x000000008dc00000| Untracked 
| 141|0x000000008dd00000, 0x000000008dd00000, 0x000000008de00000|  0%| F|  |TAMS 0x000000008dd00000, 0x000000008dd00000| Untracked 
| 142|0x000000008de00000, 0x000000008de00000, 0x000000008df00000|  0%| F|  |TAMS 0x000000008de00000, 0x000000008de00000| Untracked 
| 143|0x000000008df00000, 0x000000008df00000, 0x000000008e000000|  0%| F|  |TAMS 0x000000008df00000, 0x000000008df00000| Untracked 
| 144|0x000000008e000000, 0x000000008e000000, 0x000000008e100000|  0%| F|  |TAMS 0x000000008e000000, 0x000000008e000000| Untracked 
| 145|0x000000008e100000, 0x000000008e180000, 0x000000008e200000| 50%| S|CS|TAMS 0x000000008e100000, 0x000000008e100000| Complete 
| 146|0x000000008e200000, 0x000000008e300000, 0x000000008e300000|100%| S|CS|TAMS 0x000000008e200000, 0x000000008e200000| Complete 
| 147|0x000000008e300000, 0x000000008e400000, 0x000000008e400000|100%| S|CS|TAMS 0x000000008e300000, 0x000000008e300000| Complete 
| 148|0x000000008e400000, 0x000000008e500000, 0x000000008e500000|100%| S|CS|TAMS 0x000000008e400000, 0x000000008e400000| Complete 
| 149|0x000000008e500000, 0x000000008e600000, 0x000000008e600000|100%| S|CS|TAMS 0x000000008e500000, 0x000000008e500000| Complete 
| 150|0x000000008e600000, 0x000000008e700000, 0x000000008e700000|100%| S|CS|TAMS 0x000000008e600000, 0x000000008e600000| Complete 
| 151|0x000000008e700000, 0x000000008e800000, 0x000000008e800000|100%| S|CS|TAMS 0x000000008e700000, 0x000000008e700000| Complete 
| 152|0x000000008e800000, 0x000000008e800000, 0x000000008e900000|  0%| F|  |TAMS 0x000000008e800000, 0x000000008e800000| Untracked 
| 153|0x000000008e900000, 0x000000008e900000, 0x000000008ea00000|  0%| F|  |TAMS 0x000000008e900000, 0x000000008e900000| Untracked 
| 154|0x000000008ea00000, 0x000000008ea00000, 0x000000008eb00000|  0%| F|  |TAMS 0x000000008ea00000, 0x000000008ea00000| Untracked 
| 155|0x000000008eb00000, 0x000000008eb00000, 0x000000008ec00000|  0%| F|  |TAMS 0x000000008eb00000, 0x000000008eb00000| Untracked 
| 156|0x000000008ec00000, 0x000000008ec00000, 0x000000008ed00000|  0%| F|  |TAMS 0x000000008ec00000, 0x000000008ec00000| Untracked 
| 157|0x000000008ed00000, 0x000000008ed00000, 0x000000008ee00000|  0%| F|  |TAMS 0x000000008ed00000, 0x000000008ed00000| Untracked 
| 158|0x000000008ee00000, 0x000000008ee00000, 0x000000008ef00000|  0%| F|  |TAMS 0x000000008ee00000, 0x000000008ee00000| Untracked 
| 159|0x000000008ef00000, 0x000000008ef00000, 0x000000008f000000|  0%| F|  |TAMS 0x000000008ef00000, 0x000000008ef00000| Untracked 
| 160|0x000000008f000000, 0x000000008f000000, 0x000000008f100000|  0%| F|  |TAMS 0x000000008f000000, 0x000000008f000000| Untracked 
| 161|0x000000008f100000, 0x000000008f100000, 0x000000008f200000|  0%| F|  |TAMS 0x000000008f100000, 0x000000008f100000| Untracked 
| 162|0x000000008f200000, 0x000000008f200000, 0x000000008f300000|  0%| F|  |TAMS 0x000000008f200000, 0x000000008f200000| Untracked 
| 163|0x000000008f300000, 0x000000008f300000, 0x000000008f400000|  0%| F|  |TAMS 0x000000008f300000, 0x000000008f300000| Untracked 
| 164|0x000000008f400000, 0x000000008f400000, 0x000000008f500000|  0%| F|  |TAMS 0x000000008f400000, 0x000000008f400000| Untracked 
| 165|0x000000008f500000, 0x000000008f600000, 0x000000008f600000|100%| S|CS|TAMS 0x000000008f500000, 0x000000008f500000| Complete 
| 166|0x000000008f600000, 0x000000008f700000, 0x000000008f700000|100%| S|CS|TAMS 0x000000008f600000, 0x000000008f600000| Complete 
| 167|0x000000008f700000, 0x000000008f800000, 0x000000008f800000|100%| S|CS|TAMS 0x000000008f700000, 0x000000008f700000| Complete 
| 168|0x000000008f800000, 0x000000008f900000, 0x000000008f900000|100%| S|CS|TAMS 0x000000008f800000, 0x000000008f800000| Complete 
| 169|0x000000008f900000, 0x000000008fa00000, 0x000000008fa00000|100%| S|CS|TAMS 0x000000008f900000, 0x000000008f900000| Complete 
| 170|0x000000008fa00000, 0x000000008fb00000, 0x000000008fb00000|100%| S|CS|TAMS 0x000000008fa00000, 0x000000008fa00000| Complete 
| 171|0x000000008fb00000, 0x000000008fc00000, 0x000000008fc00000|100%| S|CS|TAMS 0x000000008fb00000, 0x000000008fb00000| Complete 
| 172|0x000000008fc00000, 0x000000008fd00000, 0x000000008fd00000|100%| S|CS|TAMS 0x000000008fc00000, 0x000000008fc00000| Complete 
| 173|0x000000008fd00000, 0x000000008fd00000, 0x000000008fe00000|  0%| F|  |TAMS 0x000000008fd00000, 0x000000008fd00000| Untracked 
| 174|0x000000008fe00000, 0x000000008fe00000, 0x000000008ff00000|  0%| F|  |TAMS 0x000000008fe00000, 0x000000008fe00000| Untracked 
| 175|0x000000008ff00000, 0x000000008ff00000, 0x0000000090000000|  0%| F|  |TAMS 0x000000008ff00000, 0x000000008ff00000| Untracked 
| 176|0x0000000090000000, 0x0000000090100000, 0x0000000090100000|100%| S|CS|TAMS 0x0000000090000000, 0x0000000090000000| Complete 
| 177|0x0000000090100000, 0x0000000090100000, 0x0000000090200000|  0%| F|  |TAMS 0x0000000090100000, 0x0000000090100000| Untracked 
| 178|0x0000000090200000, 0x0000000090200000, 0x0000000090300000|  0%| F|  |TAMS 0x0000000090200000, 0x0000000090200000| Untracked 
| 179|0x0000000090300000, 0x0000000090300000, 0x0000000090400000|  0%| F|  |TAMS 0x0000000090300000, 0x0000000090300000| Untracked 
| 180|0x0000000090400000, 0x0000000090400000, 0x0000000090500000|  0%| F|  |TAMS 0x0000000090400000, 0x0000000090400000| Untracked 
| 181|0x0000000090500000, 0x0000000090500000, 0x0000000090600000|  0%| F|  |TAMS 0x0000000090500000, 0x0000000090500000| Untracked 
| 182|0x0000000090600000, 0x0000000090600000, 0x0000000090700000|  0%| F|  |TAMS 0x0000000090600000, 0x0000000090600000| Untracked 
| 183|0x0000000090700000, 0x0000000090700000, 0x0000000090800000|  0%| F|  |TAMS 0x0000000090700000, 0x0000000090700000| Untracked 
| 184|0x0000000090800000, 0x0000000090800000, 0x0000000090900000|  0%| F|  |TAMS 0x0000000090800000, 0x0000000090800000| Untracked 
| 185|0x0000000090900000, 0x0000000090900000, 0x0000000090a00000|  0%| F|  |TAMS 0x0000000090900000, 0x0000000090900000| Untracked 
| 186|0x0000000090a00000, 0x0000000090a00000, 0x0000000090b00000|  0%| F|  |TAMS 0x0000000090a00000, 0x0000000090a00000| Untracked 
| 187|0x0000000090b00000, 0x0000000090b00000, 0x0000000090c00000|  0%| F|  |TAMS 0x0000000090b00000, 0x0000000090b00000| Untracked 
| 188|0x0000000090c00000, 0x0000000090c00000, 0x0000000090d00000|  0%| F|  |TAMS 0x0000000090c00000, 0x0000000090c00000| Untracked 
| 189|0x0000000090d00000, 0x0000000090d00000, 0x0000000090e00000|  0%| F|  |TAMS 0x0000000090d00000, 0x0000000090d00000| Untracked 
| 190|0x0000000090e00000, 0x0000000090e00000, 0x0000000090f00000|  0%| F|  |TAMS 0x0000000090e00000, 0x0000000090e00000| Untracked 
| 191|0x0000000090f00000, 0x0000000090f00000, 0x0000000091000000|  0%| F|  |TAMS 0x0000000090f00000, 0x0000000090f00000| Untracked 
| 192|0x0000000091000000, 0x0000000091000000, 0x0000000091100000|  0%| F|  |TAMS 0x0000000091000000, 0x0000000091000000| Untracked 
| 193|0x0000000091100000, 0x0000000091100000, 0x0000000091200000|  0%| F|  |TAMS 0x0000000091100000, 0x0000000091100000| Untracked 
| 194|0x0000000091200000, 0x0000000091200000, 0x0000000091300000|  0%| F|  |TAMS 0x0000000091200000, 0x0000000091200000| Untracked 
| 195|0x0000000091300000, 0x0000000091300000, 0x0000000091400000|  0%| F|  |TAMS 0x0000000091300000, 0x0000000091300000| Untracked 
| 196|0x0000000091400000, 0x0000000091400000, 0x0000000091500000|  0%| F|  |TAMS 0x0000000091400000, 0x0000000091400000| Untracked 
| 197|0x0000000091500000, 0x0000000091500000, 0x0000000091600000|  0%| F|  |TAMS 0x0000000091500000, 0x0000000091500000| Untracked 
| 198|0x0000000091600000, 0x0000000091600000, 0x0000000091700000|  0%| F|  |TAMS 0x0000000091600000, 0x0000000091600000| Untracked 
| 199|0x0000000091700000, 0x0000000091700000, 0x0000000091800000|  0%| F|  |TAMS 0x0000000091700000, 0x0000000091700000| Untracked 
| 200|0x0000000091800000, 0x0000000091800000, 0x0000000091900000|  0%| F|  |TAMS 0x0000000091800000, 0x0000000091800000| Untracked 
| 201|0x0000000091900000, 0x0000000091900000, 0x0000000091a00000|  0%| F|  |TAMS 0x0000000091900000, 0x0000000091900000| Untracked 
| 202|0x0000000091a00000, 0x0000000091a00000, 0x0000000091b00000|  0%| F|  |TAMS 0x0000000091a00000, 0x0000000091a00000| Untracked 
| 203|0x0000000091b00000, 0x0000000091b00000, 0x0000000091c00000|  0%| F|  |TAMS 0x0000000091b00000, 0x0000000091b00000| Untracked 
| 204|0x0000000091c00000, 0x0000000091c00000, 0x0000000091d00000|  0%| F|  |TAMS 0x0000000091c00000, 0x0000000091c00000| Untracked 
| 205|0x0000000091d00000, 0x0000000091d00000, 0x0000000091e00000|  0%| F|  |TAMS 0x0000000091d00000, 0x0000000091d00000| Untracked 
| 206|0x0000000091e00000, 0x0000000091e00000, 0x0000000091f00000|  0%| F|  |TAMS 0x0000000091e00000, 0x0000000091e00000| Untracked 
| 207|0x0000000091f00000, 0x0000000091f00000, 0x0000000092000000|  0%| F|  |TAMS 0x0000000091f00000, 0x0000000091f00000| Untracked 
| 208|0x0000000092000000, 0x0000000092000000, 0x0000000092100000|  0%| F|  |TAMS 0x0000000092000000, 0x0000000092000000| Untracked 
| 209|0x0000000092100000, 0x0000000092100000, 0x0000000092200000|  0%| F|  |TAMS 0x0000000092100000, 0x0000000092100000| Untracked 
| 210|0x0000000092200000, 0x0000000092200000, 0x0000000092300000|  0%| F|  |TAMS 0x0000000092200000, 0x0000000092200000| Untracked 
| 211|0x0000000092300000, 0x0000000092300000, 0x0000000092400000|  0%| F|  |TAMS 0x0000000092300000, 0x0000000092300000| Untracked 
| 212|0x0000000092400000, 0x0000000092400000, 0x0000000092500000|  0%| F|  |TAMS 0x0000000092400000, 0x0000000092400000| Untracked 
| 213|0x0000000092500000, 0x0000000092500000, 0x0000000092600000|  0%| F|  |TAMS 0x0000000092500000, 0x0000000092500000| Untracked 
| 214|0x0000000092600000, 0x0000000092600000, 0x0000000092700000|  0%| F|  |TAMS 0x0000000092600000, 0x0000000092600000| Untracked 
| 215|0x0000000092700000, 0x0000000092700000, 0x0000000092800000|  0%| F|  |TAMS 0x0000000092700000, 0x0000000092700000| Untracked 
| 216|0x0000000092800000, 0x0000000092800000, 0x0000000092900000|  0%| F|  |TAMS 0x0000000092800000, 0x0000000092800000| Untracked 
| 217|0x0000000092900000, 0x0000000092900000, 0x0000000092a00000|  0%| F|  |TAMS 0x0000000092900000, 0x0000000092900000| Untracked 
| 218|0x0000000092a00000, 0x0000000092a00000, 0x0000000092b00000|  0%| F|  |TAMS 0x0000000092a00000, 0x0000000092a00000| Untracked 
| 219|0x0000000092b00000, 0x0000000092b00000, 0x0000000092c00000|  0%| F|  |TAMS 0x0000000092b00000, 0x0000000092b00000| Untracked 
| 220|0x0000000092c00000, 0x0000000092c00000, 0x0000000092d00000|  0%| F|  |TAMS 0x0000000092c00000, 0x0000000092c00000| Untracked 
| 221|0x0000000092d00000, 0x0000000092d00000, 0x0000000092e00000|  0%| F|  |TAMS 0x0000000092d00000, 0x0000000092d00000| Untracked 
| 222|0x0000000092e00000, 0x0000000092e00000, 0x0000000092f00000|  0%| F|  |TAMS 0x0000000092e00000, 0x0000000092e00000| Untracked 
| 223|0x0000000092f00000, 0x0000000092f00000, 0x0000000093000000|  0%| F|  |TAMS 0x0000000092f00000, 0x0000000092f00000| Untracked 
| 224|0x0000000093000000, 0x0000000093000000, 0x0000000093100000|  0%| F|  |TAMS 0x0000000093000000, 0x0000000093000000| Untracked 
| 225|0x0000000093100000, 0x0000000093100000, 0x0000000093200000|  0%| F|  |TAMS 0x0000000093100000, 0x0000000093100000| Untracked 
| 226|0x0000000093200000, 0x0000000093200000, 0x0000000093300000|  0%| F|  |TAMS 0x0000000093200000, 0x0000000093200000| Untracked 
| 227|0x0000000093300000, 0x0000000093300000, 0x0000000093400000|  0%| F|  |TAMS 0x0000000093300000, 0x0000000093300000| Untracked 
| 228|0x0000000093400000, 0x0000000093400000, 0x0000000093500000|  0%| F|  |TAMS 0x0000000093400000, 0x0000000093400000| Untracked 
| 229|0x0000000093500000, 0x0000000093500000, 0x0000000093600000|  0%| F|  |TAMS 0x0000000093500000, 0x0000000093500000| Untracked 
| 230|0x0000000093600000, 0x0000000093600000, 0x0000000093700000|  0%| F|  |TAMS 0x0000000093600000, 0x0000000093600000| Untracked 
| 231|0x0000000093700000, 0x0000000093700000, 0x0000000093800000|  0%| F|  |TAMS 0x0000000093700000, 0x0000000093700000| Untracked 
| 232|0x0000000093800000, 0x0000000093800000, 0x0000000093900000|  0%| F|  |TAMS 0x0000000093800000, 0x0000000093800000| Untracked 
| 233|0x0000000093900000, 0x0000000093900000, 0x0000000093a00000|  0%| F|  |TAMS 0x0000000093900000, 0x0000000093900000| Untracked 
| 234|0x0000000093a00000, 0x0000000093a00000, 0x0000000093b00000|  0%| F|  |TAMS 0x0000000093a00000, 0x0000000093a00000| Untracked 
| 235|0x0000000093b00000, 0x0000000093b00000, 0x0000000093c00000|  0%| F|  |TAMS 0x0000000093b00000, 0x0000000093b00000| Untracked 
| 236|0x0000000093c00000, 0x0000000093c00000, 0x0000000093d00000|  0%| F|  |TAMS 0x0000000093c00000, 0x0000000093c00000| Untracked 
| 237|0x0000000093d00000, 0x0000000093d00000, 0x0000000093e00000|  0%| F|  |TAMS 0x0000000093d00000, 0x0000000093d00000| Untracked 
| 238|0x0000000093e00000, 0x0000000093e00000, 0x0000000093f00000|  0%| F|  |TAMS 0x0000000093e00000, 0x0000000093e00000| Untracked 
| 239|0x0000000093f00000, 0x0000000093f00000, 0x0000000094000000|  0%| F|  |TAMS 0x0000000093f00000, 0x0000000093f00000| Untracked 
| 240|0x0000000094000000, 0x0000000094000000, 0x0000000094100000|  0%| F|  |TAMS 0x0000000094000000, 0x0000000094000000| Untracked 
| 241|0x0000000094100000, 0x0000000094100000, 0x0000000094200000|  0%| F|  |TAMS 0x0000000094100000, 0x0000000094100000| Untracked 
| 242|0x0000000094200000, 0x0000000094200000, 0x0000000094300000|  0%| F|  |TAMS 0x0000000094200000, 0x0000000094200000| Untracked 
| 243|0x0000000094300000, 0x0000000094300000, 0x0000000094400000|  0%| F|  |TAMS 0x0000000094300000, 0x0000000094300000| Untracked 
| 244|0x0000000094400000, 0x0000000094400000, 0x0000000094500000|  0%| F|  |TAMS 0x0000000094400000, 0x0000000094400000| Untracked 
| 245|0x0000000094500000, 0x0000000094500000, 0x0000000094600000|  0%| F|  |TAMS 0x0000000094500000, 0x0000000094500000| Untracked 
| 246|0x0000000094600000, 0x0000000094600000, 0x0000000094700000|  0%| F|  |TAMS 0x0000000094600000, 0x0000000094600000| Untracked 
| 247|0x0000000094700000, 0x0000000094700000, 0x0000000094800000|  0%| F|  |TAMS 0x0000000094700000, 0x0000000094700000| Untracked 
| 248|0x0000000094800000, 0x0000000094800000, 0x0000000094900000|  0%| F|  |TAMS 0x0000000094800000, 0x0000000094800000| Untracked 
| 249|0x0000000094900000, 0x0000000094900000, 0x0000000094a00000|  0%| F|  |TAMS 0x0000000094900000, 0x0000000094900000| Untracked 
| 250|0x0000000094a00000, 0x0000000094a00000, 0x0000000094b00000|  0%| F|  |TAMS 0x0000000094a00000, 0x0000000094a00000| Untracked 
| 251|0x0000000094b00000, 0x0000000094b00000, 0x0000000094c00000|  0%| F|  |TAMS 0x0000000094b00000, 0x0000000094b00000| Untracked 
| 252|0x0000000094c00000, 0x0000000094c00000, 0x0000000094d00000|  0%| F|  |TAMS 0x0000000094c00000, 0x0000000094c00000| Untracked 
| 253|0x0000000094d00000, 0x0000000094d00000, 0x0000000094e00000|  0%| F|  |TAMS 0x0000000094d00000, 0x0000000094d00000| Untracked 
| 254|0x0000000094e00000, 0x0000000094e00000, 0x0000000094f00000|  0%| F|  |TAMS 0x0000000094e00000, 0x0000000094e00000| Untracked 
| 255|0x0000000094f00000, 0x0000000094f00000, 0x0000000095000000|  0%| F|  |TAMS 0x0000000094f00000, 0x0000000094f00000| Untracked 
| 256|0x0000000095000000, 0x0000000095000000, 0x0000000095100000|  0%| F|  |TAMS 0x0000000095000000, 0x0000000095000000| Untracked 
| 257|0x0000000095100000, 0x0000000095100000, 0x0000000095200000|  0%| F|  |TAMS 0x0000000095100000, 0x0000000095100000| Untracked 
| 258|0x0000000095200000, 0x0000000095200000, 0x0000000095300000|  0%| F|  |TAMS 0x0000000095200000, 0x0000000095200000| Untracked 
| 259|0x0000000095300000, 0x0000000095300000, 0x0000000095400000|  0%| F|  |TAMS 0x0000000095300000, 0x0000000095300000| Untracked 
| 260|0x0000000095400000, 0x0000000095400000, 0x0000000095500000|  0%| F|  |TAMS 0x0000000095400000, 0x0000000095400000| Untracked 
| 261|0x0000000095500000, 0x0000000095500000, 0x0000000095600000|  0%| F|  |TAMS 0x0000000095500000, 0x0000000095500000| Untracked 
| 262|0x0000000095600000, 0x0000000095600000, 0x0000000095700000|  0%| F|  |TAMS 0x0000000095600000, 0x0000000095600000| Untracked 
| 263|0x0000000095700000, 0x0000000095700000, 0x0000000095800000|  0%| F|  |TAMS 0x0000000095700000, 0x0000000095700000| Untracked 
| 264|0x0000000095800000, 0x0000000095800000, 0x0000000095900000|  0%| F|  |TAMS 0x0000000095800000, 0x0000000095800000| Untracked 
| 265|0x0000000095900000, 0x0000000095900000, 0x0000000095a00000|  0%| F|  |TAMS 0x0000000095900000, 0x0000000095900000| Untracked 
| 266|0x0000000095a00000, 0x0000000095a00000, 0x0000000095b00000|  0%| F|  |TAMS 0x0000000095a00000, 0x0000000095a00000| Untracked 
| 267|0x0000000095b00000, 0x0000000095b00000, 0x0000000095c00000|  0%| F|  |TAMS 0x0000000095b00000, 0x0000000095b00000| Untracked 
| 268|0x0000000095c00000, 0x0000000095c00000, 0x0000000095d00000|  0%| F|  |TAMS 0x0000000095c00000, 0x0000000095c00000| Untracked 
| 269|0x0000000095d00000, 0x0000000095d00000, 0x0000000095e00000|  0%| F|  |TAMS 0x0000000095d00000, 0x0000000095d00000| Untracked 
| 270|0x0000000095e00000, 0x0000000095e00000, 0x0000000095f00000|  0%| F|  |TAMS 0x0000000095e00000, 0x0000000095e00000| Untracked 
| 271|0x0000000095f00000, 0x0000000095f00000, 0x0000000096000000|  0%| F|  |TAMS 0x0000000095f00000, 0x0000000095f00000| Untracked 
| 272|0x0000000096000000, 0x0000000096000000, 0x0000000096100000|  0%| F|  |TAMS 0x0000000096000000, 0x0000000096000000| Untracked 
| 273|0x0000000096100000, 0x0000000096100000, 0x0000000096200000|  0%| F|  |TAMS 0x0000000096100000, 0x0000000096100000| Untracked 
| 274|0x0000000096200000, 0x0000000096200000, 0x0000000096300000|  0%| F|  |TAMS 0x0000000096200000, 0x0000000096200000| Untracked 
| 275|0x0000000096300000, 0x0000000096300000, 0x0000000096400000|  0%| F|  |TAMS 0x0000000096300000, 0x0000000096300000| Untracked 
| 276|0x0000000096400000, 0x0000000096400000, 0x0000000096500000|  0%| F|  |TAMS 0x0000000096400000, 0x0000000096400000| Untracked 
| 277|0x0000000096500000, 0x0000000096500000, 0x0000000096600000|  0%| F|  |TAMS 0x0000000096500000, 0x0000000096500000| Untracked 
| 278|0x0000000096600000, 0x0000000096600000, 0x0000000096700000|  0%| F|  |TAMS 0x0000000096600000, 0x0000000096600000| Untracked 
| 279|0x0000000096700000, 0x0000000096700000, 0x0000000096800000|  0%| F|  |TAMS 0x0000000096700000, 0x0000000096700000| Untracked 
| 280|0x0000000096800000, 0x0000000096800000, 0x0000000096900000|  0%| F|  |TAMS 0x0000000096800000, 0x0000000096800000| Untracked 
| 281|0x0000000096900000, 0x0000000096900000, 0x0000000096a00000|  0%| F|  |TAMS 0x0000000096900000, 0x0000000096900000| Untracked 
| 282|0x0000000096a00000, 0x0000000096a00000, 0x0000000096b00000|  0%| F|  |TAMS 0x0000000096a00000, 0x0000000096a00000| Untracked 
| 283|0x0000000096b00000, 0x0000000096b00000, 0x0000000096c00000|  0%| F|  |TAMS 0x0000000096b00000, 0x0000000096b00000| Untracked 
| 284|0x0000000096c00000, 0x0000000096c00000, 0x0000000096d00000|  0%| F|  |TAMS 0x0000000096c00000, 0x0000000096c00000| Untracked 
| 285|0x0000000096d00000, 0x0000000096d00000, 0x0000000096e00000|  0%| F|  |TAMS 0x0000000096d00000, 0x0000000096d00000| Untracked 
| 286|0x0000000096e00000, 0x0000000096e00000, 0x0000000096f00000|  0%| F|  |TAMS 0x0000000096e00000, 0x0000000096e00000| Untracked 
| 287|0x0000000096f00000, 0x0000000096f00000, 0x0000000097000000|  0%| F|  |TAMS 0x0000000096f00000, 0x0000000096f00000| Untracked 
| 288|0x0000000097000000, 0x0000000097000000, 0x0000000097100000|  0%| F|  |TAMS 0x0000000097000000, 0x0000000097000000| Untracked 
| 289|0x0000000097100000, 0x0000000097100000, 0x0000000097200000|  0%| F|  |TAMS 0x0000000097100000, 0x0000000097100000| Untracked 
| 290|0x0000000097200000, 0x0000000097200000, 0x0000000097300000|  0%| F|  |TAMS 0x0000000097200000, 0x0000000097200000| Untracked 
| 291|0x0000000097300000, 0x0000000097300000, 0x0000000097400000|  0%| F|  |TAMS 0x0000000097300000, 0x0000000097300000| Untracked 
| 292|0x0000000097400000, 0x0000000097400000, 0x0000000097500000|  0%| F|  |TAMS 0x0000000097400000, 0x0000000097400000| Untracked 
| 293|0x0000000097500000, 0x0000000097500000, 0x0000000097600000|  0%| F|  |TAMS 0x0000000097500000, 0x0000000097500000| Untracked 
| 294|0x0000000097600000, 0x0000000097600000, 0x0000000097700000|  0%| F|  |TAMS 0x0000000097600000, 0x0000000097600000| Untracked 
| 295|0x0000000097700000, 0x0000000097700000, 0x0000000097800000|  0%| F|  |TAMS 0x0000000097700000, 0x0000000097700000| Untracked 
| 296|0x0000000097800000, 0x0000000097800000, 0x0000000097900000|  0%| F|  |TAMS 0x0000000097800000, 0x0000000097800000| Untracked 
| 297|0x0000000097900000, 0x0000000097900000, 0x0000000097a00000|  0%| F|  |TAMS 0x0000000097900000, 0x0000000097900000| Untracked 
| 298|0x0000000097a00000, 0x0000000097a00000, 0x0000000097b00000|  0%| F|  |TAMS 0x0000000097a00000, 0x0000000097a00000| Untracked 
| 299|0x0000000097b00000, 0x0000000097b00000, 0x0000000097c00000|  0%| F|  |TAMS 0x0000000097b00000, 0x0000000097b00000| Untracked 
| 300|0x0000000097c00000, 0x0000000097c00000, 0x0000000097d00000|  0%| F|  |TAMS 0x0000000097c00000, 0x0000000097c00000| Untracked 
| 301|0x0000000097d00000, 0x0000000097d00000, 0x0000000097e00000|  0%| F|  |TAMS 0x0000000097d00000, 0x0000000097d00000| Untracked 
| 302|0x0000000097e00000, 0x0000000097e00000, 0x0000000097f00000|  0%| F|  |TAMS 0x0000000097e00000, 0x0000000097e00000| Untracked 
| 303|0x0000000097f00000, 0x0000000097f00000, 0x0000000098000000|  0%| F|  |TAMS 0x0000000097f00000, 0x0000000097f00000| Untracked 
| 304|0x0000000098000000, 0x0000000098000000, 0x0000000098100000|  0%| F|  |TAMS 0x0000000098000000, 0x0000000098000000| Untracked 
| 305|0x0000000098100000, 0x0000000098100000, 0x0000000098200000|  0%| F|  |TAMS 0x0000000098100000, 0x0000000098100000| Untracked 
| 306|0x0000000098200000, 0x0000000098200000, 0x0000000098300000|  0%| F|  |TAMS 0x0000000098200000, 0x0000000098200000| Untracked 
| 307|0x0000000098300000, 0x0000000098300000, 0x0000000098400000|  0%| F|  |TAMS 0x0000000098300000, 0x0000000098300000| Untracked 
| 308|0x0000000098400000, 0x0000000098400000, 0x0000000098500000|  0%| F|  |TAMS 0x0000000098400000, 0x0000000098400000| Untracked 
| 309|0x0000000098500000, 0x0000000098500000, 0x0000000098600000|  0%| F|  |TAMS 0x0000000098500000, 0x0000000098500000| Untracked 
| 310|0x0000000098600000, 0x0000000098600000, 0x0000000098700000|  0%| F|  |TAMS 0x0000000098600000, 0x0000000098600000| Untracked 
| 311|0x0000000098700000, 0x0000000098700000, 0x0000000098800000|  0%| F|  |TAMS 0x0000000098700000, 0x0000000098700000| Untracked 
| 312|0x0000000098800000, 0x0000000098800000, 0x0000000098900000|  0%| F|  |TAMS 0x0000000098800000, 0x0000000098800000| Untracked 
| 313|0x0000000098900000, 0x0000000098900000, 0x0000000098a00000|  0%| F|  |TAMS 0x0000000098900000, 0x0000000098900000| Untracked 
| 314|0x0000000098a00000, 0x0000000098a00000, 0x0000000098b00000|  0%| F|  |TAMS 0x0000000098a00000, 0x0000000098a00000| Untracked 
| 315|0x0000000098b00000, 0x0000000098b00000, 0x0000000098c00000|  0%| F|  |TAMS 0x0000000098b00000, 0x0000000098b00000| Untracked 
| 316|0x0000000098c00000, 0x0000000098c00000, 0x0000000098d00000|  0%| F|  |TAMS 0x0000000098c00000, 0x0000000098c00000| Untracked 
| 317|0x0000000098d00000, 0x0000000098d00000, 0x0000000098e00000|  0%| F|  |TAMS 0x0000000098d00000, 0x0000000098d00000| Untracked 
| 318|0x0000000098e00000, 0x0000000098e00000, 0x0000000098f00000|  0%| F|  |TAMS 0x0000000098e00000, 0x0000000098e00000| Untracked 
| 319|0x0000000098f00000, 0x0000000098f00000, 0x0000000099000000|  0%| F|  |TAMS 0x0000000098f00000, 0x0000000098f00000| Untracked 
| 320|0x0000000099000000, 0x0000000099000000, 0x0000000099100000|  0%| F|  |TAMS 0x0000000099000000, 0x0000000099000000| Untracked 
| 321|0x0000000099100000, 0x0000000099100000, 0x0000000099200000|  0%| F|  |TAMS 0x0000000099100000, 0x0000000099100000| Untracked 
| 322|0x0000000099200000, 0x0000000099200000, 0x0000000099300000|  0%| F|  |TAMS 0x0000000099200000, 0x0000000099200000| Untracked 
| 323|0x0000000099300000, 0x0000000099300000, 0x0000000099400000|  0%| F|  |TAMS 0x0000000099300000, 0x0000000099300000| Untracked 
| 324|0x0000000099400000, 0x0000000099400000, 0x0000000099500000|  0%| F|  |TAMS 0x0000000099400000, 0x0000000099400000| Untracked 
| 325|0x0000000099500000, 0x0000000099500000, 0x0000000099600000|  0%| F|  |TAMS 0x0000000099500000, 0x0000000099500000| Untracked 

Card table byte_map: [0x00000225fcd20000,0x00000225fd100000] _byte_map_base: 0x00000225fc8f8000

Marking Bits (Prev, Next): (CMBitMap*) 0x00000225f5124ea0, (CMBitMap*) 0x00000225f5124ee0
 Prev Bits: [0x00000225fd4e0000, 0x00000225ff3a0000)
 Next Bits: [0x000002258f000000, 0x0000022590ec0000)

Polling page: 0x00000225f3230000

Metaspace:

Usage:
  Non-class:     28.55 MB used.
      Class:      4.03 MB used.
       Both:     32.59 MB used.

Virtual space:
  Non-class space:       32.00 MB reserved,      28.75 MB ( 90%) committed,  4 nodes.
      Class space:        1.00 GB reserved,       4.25 MB ( <1%) committed,  1 nodes.
             Both:        1.03 GB reserved,      33.00 MB (  3%) committed. 

Chunk freelists:
   Non-Class:  3.12 MB
       Class:  3.57 MB
        Both:  6.70 MB

MaxMetaspaceSize: unlimited
CompressedClassSpaceSize: 1.00 GB
Initial GC threshold: 21.00 MB
Current GC threshold: 55.00 MB
CDS: on
MetaspaceReclaimPolicy: balanced
 - commit_granule_bytes: 65536.
 - commit_granule_words: 8192.
 - virtual_space_node_default_size: 1048576.
 - enlarge_chunks_in_place: 1.
 - new_chunks_are_fully_committed: 0.
 - uncommit_free_chunks: 1.
 - use_allocation_guard: 0.
 - handle_deallocations: 1.


Internal statistics:

num_allocs_failed_limit: 3.
num_arena_births: 582.
num_arena_deaths: 0.
num_vsnodes_births: 5.
num_vsnodes_deaths: 0.
num_space_committed: 528.
num_space_uncommitted: 0.
num_chunks_returned_to_freelist: 3.
num_chunks_taken_from_freelist: 1711.
num_chunk_merges: 3.
num_chunk_splits: 1147.
num_chunks_enlarged: 828.
num_purges: 0.
num_inconsistent_stats: 0.

CodeHeap 'non-profiled nmethods': size=120000Kb used=2618Kb max_used=2912Kb free=117381Kb
 bounds [0x0000022587ad0000, 0x0000022587db0000, 0x000002258f000000]
CodeHeap 'profiled nmethods': size=120000Kb used=8192Kb max_used=9401Kb free=111807Kb
 bounds [0x0000022580000000, 0x0000022580930000, 0x0000022587530000]
CodeHeap 'non-nmethods': size=5760Kb used=1239Kb max_used=1324Kb free=4520Kb
 bounds [0x0000022587530000, 0x00000225877a0000, 0x0000022587ad0000]
 total_blobs=4521 nmethods=3973 adapters=460
 compilation: enabled
              stopped_count=0, restarted_count=0
 full_count=0

Compilation events (20 events):
Event: 17.711 Thread 0x00000225ff85a7b0 4396 %     3       net.oujda_nlp_team.ADATAnalyzer::setAllMatrixS @ 43 (707 bytes)
Event: 17.716 Thread 0x00000225ff85a7b0 nmethod 4396% 0x0000022580916790 code [0x0000022580917180, 0x000002258091c1f8]
Event: 17.728 Thread 0x00000225ff85a7b0 4397       3       net.oujda_nlp_team.ADATAnalyzer::setAllMatrixS (707 bytes)
Event: 17.733 Thread 0x00000225ff85a7b0 nmethod 4397 0x000002258091e390 code [0x000002258091ed60, 0x0000022580923c98]
Event: 17.844 Thread 0x00000225ff856070 4398 %     4       java.util.HashMap::resize @ 151 (356 bytes)
Event: 17.863 Thread 0x00000225ff856070 nmethod 4398% 0x0000022587d8ba90 code [0x0000022587d8bc20, 0x0000022587d8c708]
Event: 17.864 Thread 0x00000225ff856070 4399 %     4       net.oujda_nlp_team.ADATAnalyzer::setAllMatrixS @ 43 (707 bytes)
Event: 18.112 Thread 0x00000225ff85a7b0 4400       3       java.io.File::isFile (34 bytes)
Event: 18.114 Thread 0x00000225ff85a7b0 nmethod 4400 0x0000022580925d90 code [0x0000022580925f80, 0x00000225809264c8]
Event: 18.153 Thread 0x00000225ff856070 nmethod 4399% 0x0000022587d8ca10 code [0x0000022587d8cda0, 0x0000022587d91280]
Event: 18.161 Thread 0x00000225ff856070 4401 %     4       net.oujda_nlp_team.ADATAnalyzer::setAllMatrixS @ 257 (707 bytes)
Event: 18.380 Thread 0x00000225ff856070 nmethod 4401% 0x0000022587d93c90 code [0x0000022587d94020, 0x0000022587d98d40]
Event: 18.381 Thread 0x00000225ff856070 4402       4       java.util.HashMap::resize (356 bytes)
Event: 18.407 Thread 0x00000225ff856070 nmethod 4402 0x0000022587d9b890 code [0x0000022587d9ba60, 0x0000022587d9c7e8]
Event: 18.482 Thread 0x00000225ff85a7b0 4403 %     3       net.oujda_nlp_team.ADATAnalyzer::setAllMatrixS @ 521 (707 bytes)
Event: 18.489 Thread 0x00000225ff85a7b0 nmethod 4403% 0x0000022580926690 code [0x0000022580927060, 0x000002258092c198]
Event: 18.531 Thread 0x00000225ff85a7b0 4404       3       java.lang.Long::hashCode (8 bytes)
Event: 18.532 Thread 0x00000225ff85a7b0 nmethod 4404 0x000002258092e390 code [0x000002258092e520, 0x000002258092e618]
Event: 18.889 Thread 0x00000225ff856070 4405 %     4       net.oujda_nlp_team.ADATAnalyzer::setAllMatrixS @ 521 (707 bytes)
Event: 19.340 Thread 0x00000225ff856070 nmethod 4405% 0x0000022587d9ca90 code [0x0000022587d9cfe0, 0x0000022587da4370]

GC Heap History (20 events):
Event: 16.932 GC heap after
{Heap after GC invocations=17 (full 0):
 garbage-first heap   total 102400K, used 59610K [0x0000000085000000, 0x0000000100000000)
  region size 1024K, 2 young (2048K), 2 survivors (2048K)
 Metaspace       used 33362K, committed 33792K, reserved 1081344K
  class space    used 4127K, committed 4352K, reserved 1048576K
}
Event: 17.151 GC heap before
{Heap before GC invocations=18 (full 0):
 garbage-first heap   total 102400K, used 75994K [0x0000000085000000, 0x0000000100000000)
  region size 1024K, 17 young (17408K), 2 survivors (2048K)
 Metaspace       used 33362K, committed 33792K, reserved 1081344K
  class space    used 4127K, committed 4352K, reserved 1048576K
}
Event: 17.163 GC heap after
{Heap after GC invocations=19 (full 0):
 garbage-first heap   total 166912K, used 67124K [0x0000000085000000, 0x0000000100000000)
  region size 1024K, 3 young (3072K), 3 survivors (3072K)
 Metaspace       used 33362K, committed 33792K, reserved 1081344K
  class space    used 4127K, committed 4352K, reserved 1048576K
}
Event: 17.237 GC heap before
{Heap before GC invocations=19 (full 0):
 garbage-first heap   total 166912K, used 72244K [0x0000000085000000, 0x0000000100000000)
  region size 1024K, 8 young (8192K), 3 survivors (3072K)
 Metaspace       used 33362K, committed 33792K, reserved 1081344K
  class space    used 4127K, committed 4352K, reserved 1048576K
}
Event: 17.245 GC heap after
{Heap after GC invocations=20 (full 0):
 garbage-first heap   total 166912K, used 68608K [0x0000000085000000, 0x0000000100000000)
  region size 1024K, 1 young (1024K), 1 survivors (1024K)
 Metaspace       used 33362K, committed 33792K, reserved 1081344K
  class space    used 4127K, committed 4352K, reserved 1048576K
}
Event: 17.558 GC heap before
{Heap before GC invocations=20 (full 0):
 garbage-first heap   total 166912K, used 115712K [0x0000000085000000, 0x0000000100000000)
  region size 1024K, 43 young (44032K), 1 survivors (1024K)
 Metaspace       used 33363K, committed 33792K, reserved 1081344K
  class space    used 4128K, committed 4352K, reserved 1048576K
}
Event: 17.571 GC heap after
{Heap after GC invocations=21 (full 0):
 garbage-first heap   total 166912K, used 84180K [0x0000000085000000, 0x0000000100000000)
  region size 1024K, 6 young (6144K), 6 survivors (6144K)
 Metaspace       used 33363K, committed 33792K, reserved 1081344K
  class space    used 4128K, committed 4352K, reserved 1048576K
}
Event: 17.619 GC heap before
{Heap before GC invocations=21 (full 0):
 garbage-first heap   total 166912K, used 118996K [0x0000000085000000, 0x0000000100000000)
  region size 1024K, 40 young (40960K), 6 survivors (6144K)
 Metaspace       used 33363K, committed 33792K, reserved 1081344K
  class space    used 4128K, committed 4352K, reserved 1048576K
}
Event: 17.631 GC heap after
{Heap after GC invocations=22 (full 0):
 garbage-first heap   total 166912K, used 87116K [0x0000000085000000, 0x0000000100000000)
  region size 1024K, 3 young (3072K), 3 survivors (3072K)
 Metaspace       used 33363K, committed 33792K, reserved 1081344K
  class space    used 4128K, committed 4352K, reserved 1048576K
}
Event: 17.679 GC heap before
{Heap before GC invocations=22 (full 0):
 garbage-first heap   total 166912K, used 122956K [0x0000000085000000, 0x0000000100000000)
  region size 1024K, 38 young (38912K), 3 survivors (3072K)
 Metaspace       used 33365K, committed 33792K, reserved 1081344K
  class space    used 4128K, committed 4352K, reserved 1048576K
}
Event: 17.686 GC heap after
{Heap after GC invocations=23 (full 0):
 garbage-first heap   total 333824K, used 88424K [0x0000000085000000, 0x0000000100000000)
  region size 1024K, 4 young (4096K), 4 survivors (4096K)
 Metaspace       used 33365K, committed 33792K, reserved 1081344K
  class space    used 4128K, committed 4352K, reserved 1048576K
}
Event: 18.011 GC heap before
{Heap before GC invocations=24 (full 0):
 garbage-first heap   total 333824K, used 209256K [0x0000000085000000, 0x0000000100000000)
  region size 1024K, 127 young (130048K), 4 survivors (4096K)
 Metaspace       used 33367K, committed 33792K, reserved 1081344K
  class space    used 4129K, committed 4352K, reserved 1048576K
}
Event: 18.108 GC heap after
{Heap after GC invocations=25 (full 0):
 garbage-first heap   total 333824K, used 89009K [0x0000000085000000, 0x0000000100000000)
  region size 1024K, 10 young (10240K), 10 survivors (10240K)
 Metaspace       used 33367K, committed 33792K, reserved 1081344K
  class space    used 4129K, committed 4352K, reserved 1048576K
}
Event: 18.120 GC heap before
{Heap before GC invocations=25 (full 0):
 garbage-first heap   total 333824K, used 95153K [0x0000000085000000, 0x0000000100000000)
  region size 1024K, 16 young (16384K), 10 survivors (10240K)
 Metaspace       used 33368K, committed 33792K, reserved 1081344K
  class space    used 4129K, committed 4352K, reserved 1048576K
}
Event: 18.134 GC heap after
{Heap after GC invocations=26 (full 0):
 garbage-first heap   total 333824K, used 88995K [0x0000000085000000, 0x0000000100000000)
  region size 1024K, 2 young (2048K), 2 survivors (2048K)
 Metaspace       used 33368K, committed 33792K, reserved 1081344K
  class space    used 4129K, committed 4352K, reserved 1048576K
}
Event: 18.452 GC heap before
{Heap before GC invocations=26 (full 0):
 garbage-first heap   total 333824K, used 245667K [0x0000000085000000, 0x0000000100000000)
  region size 1024K, 153 young (156672K), 2 survivors (2048K)
 Metaspace       used 33368K, committed 33792K, reserved 1081344K
  class space    used 4129K, committed 4352K, reserved 1048576K
}
Event: 18.473 GC heap after
{Heap after GC invocations=27 (full 0):
 garbage-first heap   total 333824K, used 97775K [0x0000000085000000, 0x0000000100000000)
  region size 1024K, 8 young (8192K), 8 survivors (8192K)
 Metaspace       used 33368K, committed 33792K, reserved 1081344K
  class space    used 4129K, committed 4352K, reserved 1048576K
}
Event: 18.958 GC heap before
{Heap before GC invocations=27 (full 0):
 garbage-first heap   total 333824K, used 252399K [0x0000000085000000, 0x0000000100000000)
  region size 1024K, 158 young (161792K), 8 survivors (8192K)
 Metaspace       used 33368K, committed 33792K, reserved 1081344K
  class space    used 4129K, committed 4352K, reserved 1048576K
}
Event: 18.977 GC heap after
{Heap after GC invocations=28 (full 0):
 garbage-first heap   total 333824K, used 106989K [0x0000000085000000, 0x0000000100000000)
  region size 1024K, 16 young (16384K), 16 survivors (16384K)
 Metaspace       used 33368K, committed 33792K, reserved 1081344K
  class space    used 4129K, committed 4352K, reserved 1048576K
}
Event: 19.532 GC heap before
{Heap before GC invocations=28 (full 0):
 garbage-first heap   total 333824K, used 261613K [0x0000000085000000, 0x0000000100000000)
  region size 1024K, 165 young (168960K), 16 survivors (16384K)
 Metaspace       used 33368K, committed 33792K, reserved 1081344K
  class space    used 4129K, committed 4352K, reserved 1048576K
}

Deoptimization events (20 events):
Event: 17.498 Thread 0x000002259532a230 DEOPT PACKING pc=0x0000022587d832f8 sp=0x00000063821fc650
Event: 17.498 Thread 0x000002259532a230 DEOPT UNPACKING pc=0x00000225875823a3 sp=0x00000063821fc5e8 mode 2
Event: 17.667 Thread 0x000002259532a230 Uncommon trap: trap_request=0xffffff45 fr.pc=0x0000022587c85420 relative=0x0000000000000a40
Event: 17.667 Thread 0x000002259532a230 Uncommon trap: reason=unstable_if action=reinterpret pc=0x0000022587c85420 method=java.util.HashMap.resize()[Ljava/util/HashMap$Node; @ 203 c2
Event: 17.667 Thread 0x000002259532a230 DEOPT PACKING pc=0x0000022587c85420 sp=0x00000063821fc5f0
Event: 17.667 Thread 0x000002259532a230 DEOPT UNPACKING pc=0x00000225875823a3 sp=0x00000063821fc590 mode 2
Event: 18.220 Thread 0x000002259532a230 DEOPT PACKING pc=0x0000022580913f81 sp=0x00000063821fc5b0
Event: 18.220 Thread 0x000002259532a230 DEOPT UNPACKING pc=0x0000022587582b43 sp=0x00000063821fbc28 mode 0
Event: 18.288 Thread 0x000002259532a230 DEOPT PACKING pc=0x0000022580913f81 sp=0x00000063821fc5b0
Event: 18.288 Thread 0x000002259532a230 DEOPT UNPACKING pc=0x0000022587582b43 sp=0x00000063821fbc28 mode 0
Event: 18.307 Thread 0x000002259532a230 DEOPT PACKING pc=0x000002258090e4da sp=0x00000063821fc480
Event: 18.307 Thread 0x000002259532a230 DEOPT UNPACKING pc=0x0000022587582b43 sp=0x00000063821fb8e8 mode 0
Event: 18.321 Thread 0x000002259532a230 DEOPT PACKING pc=0x0000022580913f81 sp=0x00000063821fc5b0
Event: 18.321 Thread 0x000002259532a230 DEOPT UNPACKING pc=0x0000022587582b43 sp=0x00000063821fbc28 mode 0
Event: 18.452 Thread 0x000002259532a230 Uncommon trap: trap_request=0xffffff45 fr.pc=0x0000022587d90760 relative=0x00000000000039c0
Event: 18.452 Thread 0x000002259532a230 Uncommon trap: reason=unstable_if action=reinterpret pc=0x0000022587d90760 method=net.oujda_nlp_team.ADATAnalyzer.setAllMatrixS(Ljava/util/List;)V @ 186 c2
Event: 18.452 Thread 0x000002259532a230 DEOPT PACKING pc=0x0000022587d90760 sp=0x00000063821fc740
Event: 18.452 Thread 0x000002259532a230 DEOPT UNPACKING pc=0x00000225875823a3 sp=0x00000063821fc728 mode 2
Event: 19.345 Thread 0x000002259532a230 DEOPT PACKING pc=0x000002258092bb80 sp=0x00000063821fc5b0
Event: 19.346 Thread 0x000002259532a230 DEOPT UNPACKING pc=0x0000022587582b43 sp=0x00000063821fbc28 mode 0

Classes unloaded (0 events):
No events

Classes redefined (0 events):
No events

Internal exceptions (20 events):
Event: 7.276 Thread 0x00000225949c23e0 Exception <a 'java/lang/NoSuchMethodError'{0x000000008713dab0}: 'java.lang.Object java.lang.invoke.DirectMethodHandle$Holder.invokeSpecial(java.lang.Object, java.lang.Object, long, java.lang.Object, java.lang.Object, java.lang.Object, java.lang.Object, java.lang.Object, java.lang.Object)'> (0x000000008713dab0) 
thrown [s\open\src\hotspot\share\interpreter\linkResolver.cpp, line 759]
Event: 7.276 Thread 0x00000225949c23e0 Exception <a 'java/lang/NoSuchMethodError'{0x00000000871425d8}: 'java.lang.Object java.lang.invoke.DelegatingMethodHandle$Holder.reinvoke_L(java.lang.Object, long, java.lang.Object, java.lang.Object, java.lang.Object, java.lang.Object, java.lang.Object, java.lang.Object)'> (0x00000000871425d8) 
thrown [s\open\src\hotspot\share\interpreter\linkResolver.cpp, line 759]
Event: 7.279 Thread 0x00000225949c23e0 Exception <a 'java/lang/NoSuchMethodError'{0x000000008714f280}: 'java.lang.Object java.lang.invoke.Invokers$Holder.linkToTargetMethod(java.lang.Object, java.lang.Object, java.lang.Object, java.lang.Object, java.lang.Object, java.lang.Object, java.lang.Object)'> (0x000000008714f280) 
thrown [s\open\src\hotspot\share\interpreter\linkResolver.cpp, line 759]
Event: 7.328 Thread 0x00000225949c23e0 Implicit null exception at 0x0000022587b9a4f4 to 0x0000022587b9be28
Event: 7.414 Thread 0x00000225949c23e0 Exception <a 'java/io/FileNotFoundException'{0x0000000086f416b0}> (0x0000000086f416b0) 
thrown [s\open\src\hotspot\share\prims\jni.cpp, line 516]
Event: 7.576 Thread 0x00000225949c23e0 Exception <a 'java/lang/NoSuchMethodError'{0x0000000086d4c370}: 'int java.lang.invoke.DirectMethodHandle$Holder.invokeInterface(java.lang.Object, java.lang.Object, java.lang.Object, java.lang.Object)'> (0x0000000086d4c370) 
thrown [s\open\src\hotspot\share\interpreter\linkResolver.cpp, line 759]
Event: 7.686 Thread 0x00000225949c23e0 Exception <a 'java/lang/NoSuchMethodError'{0x0000000086b22f70}: 'long java.lang.invoke.DirectMethodHandle$Holder.invokeVirtual(java.lang.Object, java.lang.Object)'> (0x0000000086b22f70) 
thrown [s\open\src\hotspot\share\interpreter\linkResolver.cpp, line 759]
Event: 7.701 Thread 0x00000225949c23e0 Exception <a 'java/io/FileNotFoundException'{0x0000000086b53b60}> (0x0000000086b53b60) 
thrown [s\open\src\hotspot\share\prims\jni.cpp, line 516]
Event: 7.897 Thread 0x00000225949c23e0 Exception <a 'sun/nio/fs/WindowsException'{0x0000000086805b70}> (0x0000000086805b70) 
thrown [s\open\src\hotspot\share\prims\jni.cpp, line 516]
Event: 7.921 Thread 0x00000225949c23e0 Exception <a 'java/lang/NoSuchMethodError'{0x0000000086828b08}: 'int java.lang.invoke.DirectMethodHandle$Holder.invokeStaticInit(java.lang.Object, java.lang.Object, java.lang.Object, java.lang.Object)'> (0x0000000086828b08) 
thrown [s\open\src\hotspot\share\interpreter\linkResolver.cpp, line 759]
Event: 8.801 Thread 0x00000225949c23e0 Exception <a 'java/lang/NoSuchMethodError'{0x0000000087e2fef0}: 'void java.lang.invoke.DirectMethodHandle$Holder.invokeVirtual(java.lang.Object, java.lang.Object, int)'> (0x0000000087e2fef0) 
thrown [s\open\src\hotspot\share\interpreter\linkResolver.cpp, line 759]
Event: 8.805 Thread 0x00000225949c23e0 Exception <a 'java/lang/NoSuchMethodError'{0x0000000087e4a850}: 'void java.lang.invoke.DirectMethodHandle$Holder.invokeVirtual(java.lang.Object, java.lang.Object, long)'> (0x0000000087e4a850) 
thrown [s\open\src\hotspot\share\interpreter\linkResolver.cpp, line 759]
Event: 9.067 Thread 0x00000225949c23e0 Exception <a 'java/lang/IncompatibleClassChangeError'{0x000000008796ebc0}: Found class java.lang.Object, but interface was expected> (0x000000008796ebc0) 
thrown [s\open\src\hotspot\share\interpreter\linkResolver.cpp, line 826]
Event: 9.301 Thread 0x00000225949c23e0 Exception <a 'java/lang/NoSuchMethodError'{0x00000000876c34b0}: 'java.lang.Object java.lang.invoke.DirectMethodHandle$Holder.newInvokeSpecial(java.lang.Object, java.lang.Object, int, java.lang.Object, java.lang.Object)'> (0x00000000876c34b0) 
thrown [s\open\src\hotspot\share\interpreter\linkResolver.cpp, line 759]
Event: 9.302 Thread 0x00000225949c23e0 Exception <a 'java/lang/NoSuchMethodError'{0x00000000876ced68}: 'java.lang.Object java.lang.invoke.DirectMethodHandle$Holder.invokeSpecial(java.lang.Object, java.lang.Object, int, java.lang.Object, int, java.lang.Object)'> (0x00000000876ced68) 
thrown [s\open\src\hotspot\share\interpreter\linkResolver.cpp, line 759]
Event: 9.303 Thread 0x00000225949c23e0 Exception <a 'java/lang/NoSuchMethodError'{0x00000000876d6e18}: 'java.lang.Object java.lang.invoke.DirectMethodHandle$Holder.newInvokeSpecial(java.lang.Object, java.lang.Object, int, java.lang.Object, int)'> (0x00000000876d6e18) 
thrown [s\open\src\hotspot\share\interpreter\linkResolver.cpp, line 759]
Event: 9.303 Thread 0x00000225949c23e0 Exception <a 'java/lang/NoSuchMethodError'{0x00000000876daf18}: 'java.lang.Object java.lang.invoke.DirectMethodHandle$Holder.invokeSpecial(java.lang.Object, java.lang.Object, java.lang.Object, int, java.lang.Object, int)'> (0x00000000876daf18) 
thrown [s\open\src\hotspot\share\interpreter\linkResolver.cpp, line 759]
Event: 15.880 Thread 0x000002259532a230 Exception <a 'java/lang/NoSuchMethodError'{0x000000008c7ab630}: 'java.lang.Object java.lang.invoke.DirectMethodHandle$Holder.invokeSpecial(java.lang.Object, java.lang.Object, java.lang.Object, java.lang.Object, java.lang.Object, long)'> (0x000000008c7ab630) 
thrown [s\open\src\hotspot\share\interpreter\linkResolver.cpp, line 759]
Event: 15.880 Thread 0x000002259532a230 Exception <a 'java/lang/NoSuchMethodError'{0x000000008c7af070}: 'java.lang.Object java.lang.invoke.Invokers$Holder.linkToTargetMethod(java.lang.Object, java.lang.Object, java.lang.Object, long, java.lang.Object)'> (0x000000008c7af070) 
thrown [s\open\src\hotspot\share\interpreter\linkResolver.cpp, line 759]
Event: 16.786 Thread 0x000002259532a230 Implicit null exception at 0x0000022587d6e320 to 0x0000022587d6e96c

VM Operations (20 events):
Event: 17.631 Executing VM operation: G1CollectForAllocation done
Event: 17.679 Executing VM operation: G1CollectForAllocation
Event: 17.686 Executing VM operation: G1CollectForAllocation done
Event: 17.756 Executing VM operation: G1Concurrent
Event: 17.760 Executing VM operation: G1Concurrent done
Event: 17.853 Executing VM operation: G1Concurrent
Event: 17.854 Executing VM operation: G1Concurrent done
Event: 18.011 Executing VM operation: G1CollectForAllocation
Event: 18.108 Executing VM operation: G1CollectForAllocation done
Event: 18.120 Executing VM operation: G1CollectForAllocation
Event: 18.134 Executing VM operation: G1CollectForAllocation done
Event: 18.452 Executing VM operation: HandshakeAllThreads
Event: 18.452 Executing VM operation: HandshakeAllThreads done
Event: 18.452 Executing VM operation: G1CollectForAllocation
Event: 18.473 Executing VM operation: G1CollectForAllocation done
Event: 18.958 Executing VM operation: G1CollectForAllocation
Event: 18.977 Executing VM operation: G1CollectForAllocation done
Event: 19.340 Executing VM operation: HandshakeAllThreads
Event: 19.356 Executing VM operation: HandshakeAllThreads done
Event: 19.532 Executing VM operation: G1CollectForAllocation

Events (20 events):
Event: 19.365 Thread 0x00000225ff85e0f0 flushing nmethod 0x0000022580498e90
Event: 19.365 Thread 0x00000225ff85e0f0 flushing nmethod 0x000002258049b110
Event: 19.365 Thread 0x00000225ff85e0f0 flushing nmethod 0x00000225804c9010
Event: 19.365 Thread 0x00000225ff85e0f0 flushing nmethod 0x00000225804cab10
Event: 19.365 Thread 0x00000225ff85e0f0 flushing nmethod 0x00000225804e7910
Event: 19.366 Thread 0x00000225ff85e0f0 flushing nmethod 0x0000022580506010
Event: 19.366 Thread 0x00000225ff85e0f0 flushing nmethod 0x0000022580510490
Event: 19.366 Thread 0x00000225ff85e0f0 flushing nmethod 0x0000022580515e90
Event: 19.366 Thread 0x00000225ff85e0f0 flushing nmethod 0x0000022580517690
Event: 19.366 Thread 0x00000225ff85e0f0 flushing nmethod 0x0000022580524590
Event: 19.366 Thread 0x00000225ff85e0f0 flushing nmethod 0x0000022580527290
Event: 19.366 Thread 0x00000225ff85e0f0 flushing nmethod 0x000002258052a990
Event: 19.366 Thread 0x00000225ff85e0f0 flushing nmethod 0x0000022580531b90
Event: 19.366 Thread 0x00000225ff85e0f0 flushing nmethod 0x0000022580532590
Event: 19.366 Thread 0x00000225ff85e0f0 flushing nmethod 0x000002258053ba10
Event: 19.366 Thread 0x00000225ff85e0f0 flushing nmethod 0x000002258053cf10
Event: 19.366 Thread 0x00000225ff85e0f0 flushing nmethod 0x000002258054de10
Event: 19.366 Thread 0x00000225ff85e0f0 flushing nmethod 0x0000022580593f90
Event: 19.366 Thread 0x00000225ff85e0f0 flushing nmethod 0x00000225805c4590
Event: 19.366 Thread 0x00000225ff85e0f0 flushing nmethod 0x00000225805cb490


Dynamic libraries:
0x00007ff775c00000 - 0x00007ff775c10000 	C:\Program Files\Java\jdk-17\bin\java.exe
0x00007ffb777d0000 - 0x00007ffb779c8000 	C:\Windows\SYSTEM32\ntdll.dll
0x00007ffb76250000 - 0x00007ffb7630f000 	C:\Windows\System32\KERNEL32.DLL
0x00007ffb75180000 - 0x00007ffb75476000 	C:\Windows\System32\KERNELBASE.dll
0x00007ffb75480000 - 0x00007ffb75580000 	C:\Windows\System32\ucrtbase.dll
0x00007ffb63040000 - 0x00007ffb63058000 	C:\Program Files\Java\jdk-17\bin\jli.dll
0x00007ffb766c0000 - 0x00007ffb7676f000 	C:\Windows\System32\ADVAPI32.dll
0x00007ffb77580000 - 0x00007ffb7761e000 	C:\Windows\System32\msvcrt.dll
0x00007ffb76780000 - 0x00007ffb7681c000 	C:\Windows\System32\sechost.dll
0x00007ffb75830000 - 0x00007ffb75956000 	C:\Windows\System32\RPCRT4.dll
0x00007ffb62ff0000 - 0x00007ffb6300b000 	C:\Program Files\Java\jdk-17\bin\VCRUNTIME140.dll
0x00007ffb76450000 - 0x00007ffb765ed000 	C:\Windows\System32\USER32.dll
0x00007ffb74f90000 - 0x00007ffb74fb2000 	C:\Windows\System32\win32u.dll
0x00007ffb77760000 - 0x00007ffb7778c000 	C:\Windows\System32\GDI32.dll
0x00007ffb74fc0000 - 0x00007ffb750d5000 	C:\Windows\System32\gdi32full.dll
0x00007ffb750e0000 - 0x00007ffb7517d000 	C:\Windows\System32\msvcp_win.dll
0x00007ffb5c580000 - 0x00007ffb5c81a000 	C:\Windows\WinSxS\amd64_microsoft.windows.common-controls_6595b64144ccf1df_6.0.19041.1110_none_60b5254171f9507e\COMCTL32.dll
0x00007ffb70560000 - 0x00007ffb7056a000 	C:\Windows\SYSTEM32\VERSION.dll
0x00007ffb768f0000 - 0x00007ffb76920000 	C:\Windows\System32\IMM32.DLL
0x00007ffb707d0000 - 0x00007ffb707dc000 	C:\Program Files\Java\jdk-17\bin\vcruntime140_1.dll
0x00007ffb43190000 - 0x00007ffb4321e000 	C:\Program Files\Java\jdk-17\bin\msvcp140.dll
0x00007ffb24d70000 - 0x00007ffb25947000 	C:\Program Files\Java\jdk-17\bin\server\jvm.dll
0x00007ffb76320000 - 0x00007ffb76328000 	C:\Windows\System32\PSAPI.DLL
0x00007ffb5bbf0000 - 0x00007ffb5bbf9000 	C:\Windows\SYSTEM32\WSOCK32.dll
0x00007ffb5dd90000 - 0x00007ffb5ddb7000 	C:\Windows\SYSTEM32\WINMM.dll
0x00007ffb76c00000 - 0x00007ffb76c6b000 	C:\Windows\System32\WS2_32.dll
0x00007ffb72dc0000 - 0x00007ffb72dd2000 	C:\Windows\SYSTEM32\kernel.appcore.dll
0x00007ffb6ed80000 - 0x00007ffb6ed8a000 	C:\Program Files\Java\jdk-17\bin\jimage.dll
0x00007ffb69380000 - 0x00007ffb69564000 	C:\Windows\SYSTEM32\DBGHELP.DLL
0x00007ffb5bc20000 - 0x00007ffb5bc54000 	C:\Windows\SYSTEM32\dbgcore.DLL
0x00007ffb74f00000 - 0x00007ffb74f82000 	C:\Windows\System32\bcryptPrimitives.dll
0x00007ffb6f0f0000 - 0x00007ffb6f0fe000 	C:\Program Files\Java\jdk-17\bin\instrument.dll
0x00007ffb43160000 - 0x00007ffb43185000 	C:\Program Files\Java\jdk-17\bin\java.dll
0x00007ffb337f0000 - 0x00007ffb338c7000 	C:\Program Files\Java\jdk-17\bin\jsvml.dll
0x00007ffb75960000 - 0x00007ffb760a4000 	C:\Windows\System32\SHELL32.dll
0x00007ffb72f30000 - 0x00007ffb736c3000 	C:\Windows\SYSTEM32\windows.storage.dll
0x00007ffb77220000 - 0x00007ffb77574000 	C:\Windows\System32\combase.dll
0x00007ffb74750000 - 0x00007ffb7477e000 	C:\Windows\SYSTEM32\Wldp.dll
0x00007ffb76610000 - 0x00007ffb766bd000 	C:\Windows\System32\SHCORE.dll
0x00007ffb770e0000 - 0x00007ffb77135000 	C:\Windows\System32\shlwapi.dll
0x00007ffb74df0000 - 0x00007ffb74e0f000 	C:\Windows\SYSTEM32\profapi.dll
0x00007ffb47b80000 - 0x00007ffb47b98000 	C:\Program Files\Java\jdk-17\bin\zip.dll
0x00007ffb5eff0000 - 0x00007ffb5f009000 	C:\Program Files\Java\jdk-17\bin\net.dll
0x00007ffb706c0000 - 0x00007ffb707ca000 	C:\Windows\SYSTEM32\WINHTTP.dll
0x00007ffb74530000 - 0x00007ffb7459a000 	C:\Windows\system32\mswsock.dll
0x00007ffb59290000 - 0x00007ffb592a6000 	C:\Program Files\Java\jdk-17\bin\nio.dll
0x00007ffb47fa0000 - 0x00007ffb47fba000 	C:\Program Files\JetBrains\IntelliJ IDEA Community Edition 2022.3.2\bin\breakgen64.dll
0x00007ffb705a0000 - 0x00007ffb705aa000 	C:\Program Files\Java\jdk-17\bin\management.dll
0x00007ffb6f0c0000 - 0x00007ffb6f0cb000 	C:\Program Files\Java\jdk-17\bin\management_ext.dll
0x00007ffb74a90000 - 0x00007ffb74aa8000 	C:\Windows\SYSTEM32\CRYPTSP.dll
0x00007ffb73e70000 - 0x00007ffb73ea4000 	C:\Windows\system32\rsaenh.dll
0x00007ffb75750000 - 0x00007ffb75777000 	C:\Windows\System32\bcrypt.dll
0x00007ffb74db0000 - 0x00007ffb74dde000 	C:\Windows\SYSTEM32\USERENV.dll
0x00007ffb746c0000 - 0x00007ffb746cc000 	C:\Windows\SYSTEM32\CRYPTBASE.dll
0x00007ffb74240000 - 0x00007ffb7427c000 	C:\Windows\SYSTEM32\IPHLPAPI.DLL
0x00007ffb76310000 - 0x00007ffb76318000 	C:\Windows\System32\NSI.dll
0x00007ffb6b310000 - 0x00007ffb6b327000 	C:\Windows\SYSTEM32\dhcpcsvc6.DLL
0x00007ffb6b2d0000 - 0x00007ffb6b2ed000 	C:\Windows\SYSTEM32\dhcpcsvc.DLL
0x00007ffb74280000 - 0x00007ffb7434b000 	C:\Windows\SYSTEM32\DNSAPI.dll
0x00007ffb6e0a0000 - 0x00007ffb6e0ad000 	C:\Program Files\Java\jdk-17\bin\sunmscapi.dll
0x00007ffb75580000 - 0x00007ffb756de000 	C:\Windows\System32\CRYPT32.dll
0x00007ffb747c0000 - 0x00007ffb747e8000 	C:\Windows\SYSTEM32\ncrypt.dll
0x00007ffb74780000 - 0x00007ffb747bb000 	C:\Windows\SYSTEM32\NTASN1.dll
0x00007ffb61640000 - 0x00007ffb61647000 	C:\Windows\system32\wshunix.dll

dbghelp: loaded successfully - version: 4.0.5 - missing functions: none
symbol engine: initialized successfully - sym options: 0x614 - pdb path: .;C:\Program Files\Java\jdk-17\bin;C:\Windows\SYSTEM32;C:\Windows\WinSxS\amd64_microsoft.windows.common-controls_6595b64144ccf1df_6.0.19041.1110_none_60b5254171f9507e;C:\Program Files\Java\jdk-17\bin\server;C:\Program Files\JetBrains\IntelliJ IDEA Community Edition 2022.3.2\bin

VM Arguments:
jvm_args: -javaagent:C:\Program Files\JetBrains\IntelliJ IDEA Community Edition 2022.3.2\lib\idea_rt.jar=53517:C:\Program Files\JetBrains\IntelliJ IDEA Community Edition 2022.3.2\bin -Dfile.encoding=UTF-8 
java_command: com.solr.solr.ProjetSolrApplication
java_class_path (initial): C:\Users\zeekouu\Downloads\solr\target\classes;C:\Users\zeekouu\.m2\repository\org\apache\solr\solr-solrj\8.11.2\solr-solrj-8.11.2.jar;C:\Users\zeekouu\.m2\repository\com\fasterxml\woodstox\woodstox-core\6.2.4\woodstox-core-6.2.4.jar;C:\Users\zeekouu\.m2\repository\commons-io\commons-io\2.8.0\commons-io-2.8.0.jar;C:\Users\zeekouu\.m2\repository\commons-lang\commons-lang\2.6\commons-lang-2.6.jar;C:\Users\zeekouu\.m2\repository\io\netty\netty-buffer\4.1.91.Final\netty-buffer-4.1.91.Final.jar;C:\Users\zeekouu\.m2\repository\io\netty\netty-codec\4.1.91.Final\netty-codec-4.1.91.Final.jar;C:\Users\zeekouu\.m2\repository\io\netty\netty-common\4.1.91.Final\netty-common-4.1.91.Final.jar;C:\Users\zeekouu\.m2\repository\io\netty\netty-handler\4.1.91.Final\netty-handler-4.1.91.Final.jar;C:\Users\zeekouu\.m2\repository\io\netty\netty-resolver\4.1.91.Final\netty-resolver-4.1.91.Final.jar;C:\Users\zeekouu\.m2\repository\io\netty\netty-transport\4.1.91.Final\netty-transport-4.1.91.Final.jar;C:\Users\zeekouu\.m2\repository\io\netty\netty-transport-native-epoll\4.1.91.Final\netty-transport-native-epoll-4.1.91.Final.jar;C:\Users\zeekouu\.m2\repository\io\netty\netty-transport-classes-epoll\4.1.91.Final\netty-transport-classes-epoll-4.1.91.Final.jar;C:\Users\zeekouu\.m2\repository\io\netty\netty-transport-native-unix-common\4.1.91.Final\netty-transport-native-unix-common-4.1.91.Final.jar;C:\Users\zeekouu\.m2\repository\org\apache\commons\commons-math3\3.6.1\commons-math3-3.6.1.jar;C:\Users\zeekouu\.m2\repository\org\apache\httpcomponents\httpclient\4.5.14\httpclient-4.5.14.jar;C:\Users\zeekouu\.m2\repository\org\apache\httpcomponents\httpcore\4.4.16\httpcore-4.4.16.jar;C:\Users\zeekouu\.m2\repository\org\apache\httpcomponents\httpmime\4.5.14\httpmime-4.5.14.jar;C:\Users\zeekouu\.m2\repository\org\apache\zookeeper\zookeeper\3.6.2\zookeeper-3.6.2.jar;C:\Users\zeekouu\.m2\repository\org\apache\zookeeper\zookeeper-jute\3.6.2\zookeeper-jute-3.6.2.jar;C:\Users\ze
Launcher Type: SUN_STANDARD

[Global flags]
     intx CICompilerCount                          = 3                                         {product} {ergonomic}
     uint ConcGCThreads                            = 1                                         {product} {ergonomic}
     uint G1ConcRefinementThreads                  = 4                                         {product} {ergonomic}
   size_t G1HeapRegionSize                         = 1048576                                   {product} {ergonomic}
    uintx GCDrainStackTargetSize                   = 64                                        {product} {ergonomic}
   size_t InitialHeapSize                          = 130023424                                 {product} {ergonomic}
   size_t MarkStackSize                            = 4194304                                   {product} {ergonomic}
   size_t MaxHeapSize                              = 2063597568                                {product} {ergonomic}
   size_t MaxNewSize                               = 1237319680                                {product} {ergonomic}
   size_t MinHeapDeltaBytes                        = 1048576                                   {product} {ergonomic}
   size_t MinHeapSize                              = 8388608                                   {product} {ergonomic}
    uintx NonNMethodCodeHeapSize                   = 5832780                                {pd product} {ergonomic}
    uintx NonProfiledCodeHeapSize                  = 122912730                              {pd product} {ergonomic}
    uintx ProfiledCodeHeapSize                     = 122912730                              {pd product} {ergonomic}
    uintx ReservedCodeCacheSize                    = 251658240                              {pd product} {ergonomic}
     bool SegmentedCodeCache                       = true                                      {product} {ergonomic}
   size_t SoftMaxHeapSize                          = 2063597568                             {manageable} {ergonomic}
     bool UseCompressedClassPointers               = true                           {product lp64_product} {ergonomic}
     bool UseCompressedOops                        = true                           {product lp64_product} {ergonomic}
     bool UseG1GC                                  = true                                      {product} {ergonomic}
     bool UseLargePagesIndividualAllocation        = false                                  {pd product} {ergonomic}

Logging:
Log output configuration:
 #0: stdout all=warning uptime,level,tags
 #1: stderr all=off uptime,level,tags

Environment Variables:
PATH=C:\Program Files\Java\jdk-17\bin;C:\Program Files\Common Files\Oracle\Java\javapath;C:\ProgramData\Oracle\Java\javapath;C:\Windows\system32;C:\Windows;C:\Windows\System32\Wbem;C:\Windows\System32\WindowsPowerShell\v1.0\;C:\Windows\System32\OpenSSH\;C:\Program Files\Docker\Docker\resources\bin;C:\Program Files\nodejs\;C:\Program Files (x86)\Yarn\bin\;C:\msys64\mingw64\bin;C:\Program Files (x86)\GitExtensions\;C:\MAVEN\apache-maven-3.9.0\bin;C:\Program Files\Azure Data Studio\bin;C:\Program Files\Microsoft SQL Server\Client SDK\ODBC\170\Tools\Binn\;C:\Program Files\dotnet\;C:\Windows\System32\WindowsPowerShell\v1.0\powershell.exe;C:\Program Files\PowerShell\7-preview;C:\Program Files\Git\cmd;C:\Program Files\PowerShell\7-preview\preview;C:\Program Files\Microsoft SQL Server\150\Tools\Binn\;C:\Program Files (x86)\Microsoft SQL Server\160\Tools\Binn\;C:\Program Files\Microsoft SQL Server\160\Tools\Binn\;C:\Program Files\Microsoft SQL Server\160\DTS\Binn\;C:\Program Files (x86)\Microsoft SQL Server\160\DTS\Binn\;C:\Program Files\sqlite;C:\Program Files\Java\jdk-17\bin;C:\Program Files\Common Files\Oracle\Java\javapath;C:\ProgramData\Oracle\Java\javapath;C:\Windows\system32;C:\Windows;C:\Windows\System32\Wbem;C:\Windows\System32\WindowsPowerShell\v1.0\;C:\Windows\System32\OpenSSH\;C:\Program Files\Docker\Docker\resources\bin;C:\Program Files\nodejs\;C:\Program Files (x86)\Yarn\bin\;C:\msys64\mingw64\bin;C:\Program Files (x86)\GitExtensions\;C:\MAVEN\apache-maven-3.9.0\bin;C:\Program Files\Azure Data Studio\bin;C:\Program Files\Microsoft SQL Server\Client SDK\ODBC\170\Tools\Binn\;C:\Program Files\dotnet\;C:\Windows\System32\WindowsPowerShell\v1.0\powershell.exe;C:\Program Files\PowerShell\7-preview;C:\Program Files\Git\cmd;C:\Program Files\PowerShell\7-preview\preview;C:\Program Files\Microsoft SQL Server\150\Tools\Binn\;C:\Program Files (x86)\Microsoft SQL Server\160\Tools\Binn\;C:\Program Files\Microsoft SQL Server\160\Tools\Binn\;C:\Program Files\Microsoft SQL Server\
USERNAME=zeekouu
OS=Windows_NT
PROCESSOR_IDENTIFIER=Intel64 Family 6 Model 78 Stepping 3, GenuineIntel



---------------  S Y S T E M  ---------------

OS:
 Windows 10 , 64 bit Build 19041 (10.0.19041.2913)
OS uptime: 1 days 23:01 hours
Hyper-V role detected

CPU: total 4 (initial active 4) (2 cores per cpu, 2 threads per core) family 6 model 78 stepping 3 microcode 0xcc, cx8, cmov, fxsr, ht, mmx, 3dnowpref, sse, sse2, sse3, ssse3, sse4.1, sse4.2, popcnt, lzcnt, tsc, tscinvbit, avx, avx2, aes, erms, clmul, bmi1, bmi2, adx, fma, vzeroupper, clflush, clflushopt, hv

Memory: 4k page, system-wide physical 7867M (438M free)
TotalPageFile size 15867M (AvailPageFile size 288M)
current process WorkingSet (physical memory assigned to process): 396M, peak: 396M
current process commit charge ("private bytes"): 497M, peak: 1046M

vm_info: Java HotSpot(TM) 64-Bit Server VM (17.0.6+9-LTS-190) for windows-amd64 JRE (17.0.6+9-LTS-190), built on Dec  6 2022 15:53:54 by "mach5one" with MS VC++ 17.1 (VS2022)

END.
